#
# A fatal error has been detected by the Java Runtime Environment:
#
#  EXCEPTION_ACCESS_VIOLATION (0xc0000005) at pc=0x00000000572b3bba, pid=4728, tid=2272
#
# JRE version: Java(TM) SE Runtime Environment (8.0_45-b14) (build 1.8.0_45-b14)
# Java VM: Java HotSpot(TM) 64-Bit Server VM (25.45-b02 mixed mode windows-amd64 compressed oops)
# Problematic frame:
# C  [glass.dll+0x23bba]
#
# Failed to write core dump. Minidumps are not enabled by default on client versions of Windows
#
# If you would like to submit a bug report, please visit:
#   http://bugreport.java.com/bugreport/crash.jsp
#

---------------  T H R E A D  ---------------

Current thread (0x000000001c339800):  VMThread [stack: 0x000000001e000000,0x000000001e100000] [id=2272]

siginfo: ExceptionCode=0xc0000005, reading address 0x0000000000000000

Registers:
RAX=0x0000000000000000, RBX=0x000000001f191028, RCX=0x000000001c339800, RDX=0x000000001f191028
RSP=0x000000001e0ff5e0, RBP=0x000000001e3bcd70, RSI=0x0000000000000001, RDI=0x0000000000000000
R8 =0x0000000000010002, R9 =0x000000001e3bcd70, R10=0x0000000000000000, R11=0x0000000000000246
R12=0x000000001e3bcd60, R13=0x0000000000000000, R14=0x000000001e3bcd90, R15=0x000000001e3bcd60
RIP=0x00000000572b3bba, EFLAGS=0x0000000000010206

Top of Stack: (sp=0x000000001e0ff5e0)
0x000000001e0ff5e0:   0000000000000000 00000000572b3cf0
0x000000001e0ff5f0:   0000000000000000 000000001e3bcd88
0x000000001e0ff600:   00000000572b3ba0 00000000572b1483
0x000000001e0ff610:   00000000572c8ca8 000000009d6562b2
0x000000001e0ff620:   0000000000a051d0 00007ffe1c9900dc
0x000000001e0ff630:   00000000572b1724 00000000572b1724
0x000000001e0ff640:   00007ffe1ca8f150 00000000572b16cd
0x000000001e0ff650:   0000000000000001 000000001c1c5400
0x000000001e0ff660:   0000000000000000 0000000057290000
0x000000001e0ff670:   c000000500000001 000000001e0fe750
0x000000001e0ff680:   0000000000000000 00007ffe1c950f57
0x000000001e0ff690:   0000000000000000 0000000000000001
0x000000001e0ff6a0:   0000000057290000 0000000000000000
0x000000001e0ff6b0:   0000061059bcefbe 00000000009e58e0
0x000000001e0ff6c0:   00007ffe1a1f8700 00000000028d1600
0x000000001e0ff6d0:   00000000028d1600 00000000009e90a0 

Instructions: (pc=0x00000000572b3bba)
0x00000000572b3b9a:   ff ff cc cc cc cc 40 53 48 83 ec 20 48 8b 1d 93
0x00000000572b3baa:   58 01 00 48 85 db 74 15 e8 99 96 ff ff 48 8b d3
0x00000000572b3bba:   4c 8b 00 48 8b c8 41 ff 90 b0 00 00 00 48 83 c4
0x00000000572b3bca:   20 5b c3 cc cc cc 40 53 48 83 ec 20 48 8b 1d 0b 


Register to memory mapping:

RAX=0x0000000000000000 is an unknown value
RBX=0x000000001f191028 is a global jni handle
RCX=0x000000001c339800 is an unknown value
RDX=0x000000001f191028 is a global jni handle
RSP=0x000000001e0ff5e0 is an unknown value
RBP=0x000000001e3bcd70 is an unknown value
RSI=0x0000000000000001 is an unknown value
RDI=0x0000000000000000 is an unknown value
R8 =0x0000000000010002 is an unknown value
R9 =0x000000001e3bcd70 is an unknown value
R10=0x0000000000000000 is an unknown value
R11=0x0000000000000246 is an unknown value
R12=0x000000001e3bcd60 is an unknown value
R13=0x0000000000000000 is an unknown value
R14=0x000000001e3bcd90 is an unknown value
R15=0x000000001e3bcd60 is an unknown value


Stack: [0x000000001e000000,0x000000001e100000],  sp=0x000000001e0ff5e0,  free space=1021k
Native frames: (J=compiled Java code, j=interpreted, Vv=VM code, C=native code)
C  [glass.dll+0x23bba]
C  [glass.dll+0x21483]
C  [glass.dll+0x216cd]
C  [ntdll.dll+0x10f57]
C  [ntdll.dll+0x7457b]
C  [ntdll.dll+0x7440a]
C  [KERNEL32.DLL+0x1c52a]
C  [msvcr100.dll+0x20ccd]
V  [jvm.dll+0x20f135]
V  [jvm.dll+0x247ef7]
V  [jvm.dll+0x247196]
V  [jvm.dll+0x247631]
V  [jvm.dll+0x24784e]
V  [jvm.dll+0x29853a]
C  [msvcr100.dll+0x21d9f]
C  [msvcr100.dll+0x21e3b]
C  [KERNEL32.DLL+0xfe64]
C  [ntdll.dll+0x61f51]

VM_Operation (0x00000000203fa9d0): Exit, mode: safepoint, requested by thread 0x000000001ef68800


---------------  P R O C E S S  ---------------

Java Threads: ( => current thread )
  0x000000001f302000 JavaThread "AWT-Shutdown" [_thread_blocked, id=7408, stack(0x0000000036560000,0x0000000036660000)]
  0x000000001f312800 JavaThread "Prism Font Disposer" daemon [_thread_blocked, id=5740, stack(0x0000000034f80000,0x0000000035080000)]
  0x000000001f00c800 JavaThread "Java2D Disposer" daemon [_thread_blocked, id=7388, stack(0x0000000026d60000,0x0000000026e60000)]
  0x000000001f02c800 JavaThread "Thread-3" daemon [_thread_in_native, id=9660, stack(0x0000000026970000,0x0000000026a70000)]
  0x000000001ef7d000 JavaThread "JavaFX-Launcher" [_thread_blocked, id=5804, stack(0x0000000026a70000,0x0000000026b70000)]
  0x000000001ef68800 JavaThread "JavaFX Application Thread" [_thread_blocked, id=7316, stack(0x0000000020300000,0x0000000020400000)]
  0x000000001ef68000 JavaThread "Thread-1" daemon [_thread_blocked, id=1136, stack(0x0000000020200000,0x0000000020300000)]
  0x000000001e3bf800 JavaThread "Service Thread" daemon [_thread_blocked, id=7504, stack(0x000000001ed00000,0x000000001ee00000)]
  0x000000001e33b000 JavaThread "C1 CompilerThread3" daemon [_thread_blocked, id=6844, stack(0x000000001ec00000,0x000000001ed00000)]
  0x000000001e333000 JavaThread "C2 CompilerThread2" daemon [_thread_blocked, id=7148, stack(0x000000001eb00000,0x000000001ec00000)]
  0x000000001e329800 JavaThread "C2 CompilerThread1" daemon [_thread_blocked, id=5956, stack(0x000000001ea00000,0x000000001eb00000)]
  0x000000001e327000 JavaThread "C2 CompilerThread0" daemon [_thread_blocked, id=8004, stack(0x000000001e900000,0x000000001ea00000)]
  0x000000001e325800 JavaThread "Attach Listener" daemon [_thread_blocked, id=10260, stack(0x000000001e800000,0x000000001e900000)]
  0x000000001e324000 JavaThread "Signal Dispatcher" daemon [_thread_blocked, id=664, stack(0x000000001e700000,0x000000001e800000)]
  0x00000000027f9000 JavaThread "Finalizer" daemon [_thread_blocked, id=6236, stack(0x000000001e200000,0x000000001e300000)]
  0x00000000027f2000 JavaThread "Reference Handler" daemon [_thread_blocked, id=7544, stack(0x000000001e100000,0x000000001e200000)]
  0x0000000002700800 JavaThread "main" [_thread_blocked, id=10368, stack(0x0000000002550000,0x0000000002650000)]

Other Threads:
=>0x000000001c339800 VMThread [stack: 0x000000001e000000,0x000000001e100000] [id=2272]

VM state:at safepoint (shutting down)

VM Mutex/Monitor currently owned by a thread:  ([mutex/lock_event])
[0x00000000028dc5e0] Threads_lock - owner thread: 0x000000001c339800

Heap:
 PSYoungGen      total 76288K, used 52106K [0x000000076b180000, 0x0000000770680000, 0x00000007c0000000)
  eden space 65536K, 79% used [0x000000076b180000,0x000000076e462bf8,0x000000076f180000)
  from space 10752K, 0% used [0x000000076fc00000,0x000000076fc00000,0x0000000770680000)
  to   space 10752K, 0% used [0x000000076f180000,0x000000076f180000,0x000000076fc00000)
 ParOldGen       total 175104K, used 0K [0x00000006c1400000, 0x00000006cbf00000, 0x000000076b180000)
  object space 175104K, 0% used [0x00000006c1400000,0x00000006c1400000,0x00000006cbf00000)
 Metaspace       used 15217K, capacity 15924K, committed 16000K, reserved 1062912K
  class space    used 2216K, capacity 2358K, committed 2432K, reserved 1048576K

Card table byte_map: [0x0000000011ca0000,0x00000000124a0000] byte_map_base: 0x000000000e696000

Marking Bits: (ParMarkBitMap*) 0x00000000570f4040
 Begin Bits: [0x00000000131f0000, 0x00000000171a0000)
 End Bits:   [0x00000000171a0000, 0x000000001b150000)

Polling page: 0x00000000009b0000

CodeCache: size=245760Kb used=5554Kb max_used=5554Kb free=240205Kb
 bounds [0x00000000028e0000, 0x0000000002e50000, 0x00000000118e0000]
 total_blobs=2401 nmethods=1740 adapters=572
 compilation: enabled

Compilation events (10 events):
Event: 22.602 Thread 0x000000001e33b000 1736       1       com.sun.javafx.font.PrismFontStrike::drawAsShapes (5 bytes)
Event: 22.602 Thread 0x000000001e33b000 nmethod 1736 0x0000000002e48e10 code [0x0000000002e48f60, 0x0000000002e49070]
Event: 22.602 Thread 0x000000001e33b000 1737       1       com.sun.prism.impl.ps.BaseShaderContext::getLCDBuffer (5 bytes)
Event: 22.602 Thread 0x000000001e33b000 nmethod 1737 0x0000000002e4de50 code [0x0000000002e4dfa0, 0x0000000002e4e0b0]
Event: 22.602 Thread 0x000000001e33b000 1740       3       com.sun.javafx.font.PrismFontFactory::isLCDTextSupported (4 bytes)
Event: 22.602 Thread 0x000000001e33b000 nmethod 1740 0x0000000002e4e110 code [0x0000000002e4e260, 0x0000000002e4e3d0]
Event: 22.602 Thread 0x000000001e33b000 1739       3       com.sun.javafx.font.CompositeStrike::getAAMode (18 bytes)
Event: 22.602 Thread 0x000000001e33b000 nmethod 1739 0x0000000002e4e450 code [0x0000000002e4e5c0, 0x0000000002e4e888]
Event: 22.602 Thread 0x000000001e33b000 1738       1       javafx.scene.layout.BackgroundFill::getFill (5 bytes)
Event: 22.602 Thread 0x000000001e33b000 nmethod 1738 0x0000000002e4e990 code [0x0000000002e4eae0, 0x0000000002e4ebf0]

GC Heap History (0 events):
No events

Deoptimization events (10 events):
Event: 0.675 Thread 0x000000001ef68800 Uncommon trap: reason=unstable_if action=reinterpret pc=0x0000000002b86e68 method=java.util.HashMap.hash(Ljava/lang/Object;)I @ 1
Event: 0.722 Thread 0x000000001ef68800 Uncommon trap: reason=class_check action=maybe_recompile pc=0x0000000002be8b28 method=java.io.DataInputStream.readShort()S @ 4
Event: 0.722 Thread 0x000000001ef68800 Uncommon trap: reason=class_check action=maybe_recompile pc=0x0000000002be8b28 method=java.io.DataInputStream.readShort()S @ 4
Event: 0.723 Thread 0x000000001ef68800 Uncommon trap: reason=class_check action=maybe_recompile pc=0x0000000002be8b28 method=java.io.DataInputStream.readShort()S @ 4
Event: 0.723 Thread 0x000000001ef68800 Uncommon trap: reason=class_check action=maybe_recompile pc=0x0000000002be8b28 method=java.io.DataInputStream.readShort()S @ 4
Event: 0.727 Thread 0x000000001ef68800 Uncommon trap: reason=class_check action=maybe_recompile pc=0x0000000002a04514 method=java.lang.String.equals(Ljava/lang/Object;)Z @ 8
Event: 0.727 Thread 0x000000001ef68800 Uncommon trap: reason=class_check action=maybe_recompile pc=0x0000000002a04514 method=java.lang.String.equals(Ljava/lang/Object;)Z @ 8
Event: 0.727 Thread 0x000000001ef68800 Uncommon trap: reason=class_check action=maybe_recompile pc=0x0000000002a04514 method=java.lang.String.equals(Ljava/lang/Object;)Z @ 8
Event: 0.727 Thread 0x000000001ef68800 Uncommon trap: reason=class_check action=maybe_recompile pc=0x0000000002a04514 method=java.lang.String.equals(Ljava/lang/Object;)Z @ 8
Event: 0.817 Thread 0x000000001ef68800 Uncommon trap: reason=unstable_if action=reinterpret pc=0x0000000002b85738 method=jdk.internal.org.objectweb.asm.Type.getArgumentsAndReturnSizes(Ljava/lang/String;)I @ 47

Internal exceptions (10 events):
Event: 0.121 Thread 0x0000000002700800 Exception <a 'java/security/PrivilegedActionException'> (0x000000076b6525b0) thrown at [C:\re\workspace\8-2-build-windows-amd64-cygwin\jdk8u45\3457\hotspot\src\share\vm\prims\jvm.cpp, line 1382]
Event: 0.121 Thread 0x0000000002700800 Exception <a 'java/security/PrivilegedActionException'> (0x000000076b652768) thrown at [C:\re\workspace\8-2-build-windows-amd64-cygwin\jdk8u45\3457\hotspot\src\share\vm\prims\jvm.cpp, line 1382]
Event: 0.121 Thread 0x0000000002700800 Exception <a 'java/security/PrivilegedActionException'> (0x000000076b656260) thrown at [C:\re\workspace\8-2-build-windows-amd64-cygwin\jdk8u45\3457\hotspot\src\share\vm\prims\jvm.cpp, line 1382]
Event: 0.121 Thread 0x0000000002700800 Exception <a 'java/security/PrivilegedActionException'> (0x000000076b656418) thrown at [C:\re\workspace\8-2-build-windows-amd64-cygwin\jdk8u45\3457\hotspot\src\share\vm\prims\jvm.cpp, line 1382]
Event: 0.121 Thread 0x0000000002700800 Exception <a 'java/lang/NullPointerException'> (0x000000076b656b08) thrown at [C:\re\workspace\8-2-build-windows-amd64-cygwin\jdk8u45\3457\hotspot\src\share\vm\interpreter\linkResolver.cpp, line 1178]
Event: 0.226 Thread 0x000000001ef68800 Exception <a 'java/io/FileNotFoundException'> (0x000000076bb4a0c0) thrown at [C:\re\workspace\8-2-build-windows-amd64-cygwin\jdk8u45\3457\hotspot\src\share\vm\prims\jni.cpp, line 709]
Event: 0.280 Thread 0x000000001ef68800 Exception <a 'java/lang/NullPointerException'> (0x000000076c3821b8) thrown at [C:\re\workspace\8-2-build-windows-amd64-cygwin\jdk8u45\3457\hotspot\src\share\vm\interpreter\linkResolver.cpp, line 1178]
Event: 0.280 Thread 0x000000001ef68800 Exception <a 'java/lang/NullPointerException'> (0x000000076c3821b8) thrown at [C:\re\workspace\8-2-build-windows-amd64-cygwin\jdk8u45\3457\hotspot\src\share\vm\prims\jvm.cpp, line 1386]
Event: 0.675 Thread 0x000000001ef68800 Implicit null exception at 0x0000000002b86def to 0x0000000002b86e59
Event: 22.720 Thread 0x000000001f2fd800 Exception <a 'java/lang/IllegalStateException'> (0x000000076e320d30) thrown at [C:\re\workspace\8-2-build-windows-amd64-cygwin\jdk8u45\3457\hotspot\src\share\vm\prims\jvm.cpp, line 1386]

Events (10 events):
Event: 22.720 Thread 0x000000001f302000 Thread added: 0x000000001f302000
Event: 22.720 loading class com/sun/javafx/tk/quantum/QuantumToolkit
Event: 22.720 loading class com/sun/javafx/tk/quantum/QuantumToolkit done
Event: 22.720 loading class java/util/LinkedList$ListItr
Event: 22.720 loading class java/util/LinkedList$ListItr done
Event: 22.720 Thread 0x000000001f2fd800 Thread exited: 0x000000001f2fd800
Event: 22.722 Thread 0x000000001f010800 Thread exited: 0x000000001f010800
Event: 22.726 Thread 0x000000001ef43000 Thread exited: 0x000000001ef43000
Event: 22.820 Thread 0x000000001f146800 Thread exited: 0x000000001f146800
Event: 22.820 Executing VM operation: Exit


Dynamic libraries:
0x00007ff793c10000 - 0x00007ff793c47000 	C:\Program Files\Java\jre1.8.0_45\bin\javaw.exe
0x00007ffe1c940000 - 0x00007ffe1cb0c000 	C:\WINDOWS\SYSTEM32\ntdll.dll
0x00007ffe1c0d0000 - 0x00007ffe1c17a000 	C:\WINDOWS\system32\KERNEL32.DLL
0x00007ffe19950000 - 0x00007ffe19b67000 	C:\WINDOWS\system32\KERNELBASE.dll
0x00007ffe1a0b0000 - 0x00007ffe1a14f000 	C:\WINDOWS\system32\ADVAPI32.dll
0x00007ffe1c5f0000 - 0x00007ffe1c68e000 	C:\WINDOWS\system32\msvcrt.dll
0x00007ffe1a150000 - 0x00007ffe1a1a9000 	C:\WINDOWS\system32\sechost.dll
0x00007ffe1c460000 - 0x00007ffe1c57b000 	C:\WINDOWS\system32\RPCRT4.dll
0x00007ffe1c180000 - 0x00007ffe1c2e7000 	C:\WINDOWS\system32\USER32.dll
0x0000000058bc0000 - 0x0000000058bde000 	C:\WINDOWS\system32\win32u.dll
0x00007ffe1a3f0000 - 0x00007ffe1a421000 	C:\WINDOWS\system32\GDI32.dll
0x00007ffe19040000 - 0x00007ffe191c4000 	C:\WINDOWS\system32\gdi32full.dll
0x00007ffe0c740000 - 0x00007ffe0c9ac000 	C:\WINDOWS\WinSxS\amd64_microsoft.windows.common-controls_6595b64144ccf1df_6.0.14342.1000_none_7e069bc768929b65\COMCTL32.dll
0x00007ffe1c690000 - 0x00007ffe1c939000 	C:\WINDOWS\system32\combase.dll
0x00007ffe19d40000 - 0x00007ffe19e35000 	C:\WINDOWS\system32\ucrtbase.dll
0x00007ffe18fd0000 - 0x00007ffe19038000 	C:\WINDOWS\system32\bcryptPrimitives.dll
0x00007ffe1c020000 - 0x00007ffe1c04e000 	C:\WINDOWS\system32\IMM32.DLL
0x0000000057310000 - 0x00000000573e2000 	C:\Program Files\Java\jre1.8.0_45\bin\msvcr100.dll
0x00000000568f0000 - 0x0000000057173000 	C:\Program Files\Java\jre1.8.0_45\bin\server\jvm.dll
0x00007ffe1a0a0000 - 0x00007ffe1a0a7000 	C:\WINDOWS\system32\PSAPI.DLL
0x00007ffe0caa0000 - 0x00007ffe0cac3000 	C:\WINDOWS\SYSTEM32\WINMM.dll
0x00007ffe10070000 - 0x00007ffe10079000 	C:\WINDOWS\SYSTEM32\WSOCK32.dll
0x00007ffe17610000 - 0x00007ffe1761a000 	C:\WINDOWS\SYSTEM32\VERSION.dll
0x00007ffe1c050000 - 0x00007ffe1c0c4000 	C:\WINDOWS\system32\WS2_32.dll
0x00007ffe0c9d0000 - 0x00007ffe0c9fb000 	C:\WINDOWS\SYSTEM32\WINMMBASE.dll
0x00007ffe19e40000 - 0x00007ffe19e82000 	C:\WINDOWS\system32\cfgmgr32.dll
0x0000000057be0000 - 0x0000000057bef000 	C:\Program Files\Java\jre1.8.0_45\bin\verify.dll
0x0000000057bb0000 - 0x0000000057bd9000 	C:\Program Files\Java\jre1.8.0_45\bin\java.dll
0x0000000057b90000 - 0x0000000057ba6000 	C:\Program Files\Java\jre1.8.0_45\bin\zip.dll
0x00007ffe1ab00000 - 0x00007ffe1bfb5000 	C:\WINDOWS\system32\SHELL32.dll
0x00007ffe191d0000 - 0x00007ffe1989e000 	C:\WINDOWS\system32\windows.storage.dll
0x00007ffe18ef0000 - 0x00007ffe18f3c000 	C:\WINDOWS\system32\powrprof.dll
0x00007ffe1bfc0000 - 0x00007ffe1c012000 	C:\WINDOWS\system32\shlwapi.dll
0x00007ffe18ee0000 - 0x00007ffe18eef000 	C:\WINDOWS\system32\kernel.appcore.dll
0x00007ffe19e90000 - 0x00007ffe19f3a000 	C:\WINDOWS\system32\shcore.dll
0x00007ffe18f40000 - 0x00007ffe18f54000 	C:\WINDOWS\system32\profapi.dll
0x00000000572e0000 - 0x000000005730c000 	C:\Program Files\Java\jre1.8.0_45\bin\prism_d3d.dll
0x00007ffe09010000 - 0x00007ffe0919c000 	C:\WINDOWS\system32\d3d9.dll
0x00007ffe16ec0000 - 0x00007ffe16ee5000 	C:\WINDOWS\SYSTEM32\dwmapi.dll
0x00007ffe17af0000 - 0x00007ffe17b85000 	C:\WINDOWS\system32\uxtheme.dll
0x00007ffe1c2f0000 - 0x00007ffe1c3af000 	C:\WINDOWS\system32\OLEAUT32.dll
0x00007ffe19f40000 - 0x00007ffe1a07a000 	C:\WINDOWS\system32\ole32.dll
0x0000000057290000 - 0x00000000572d1000 	C:\Program Files\Java\jre1.8.0_45\bin\glass.dll
0x00007ffe1a430000 - 0x00007ffe1a521000 	C:\WINDOWS\system32\COMDLG32.dll
0x00007ffe1a1b0000 - 0x00007ffe1a31d000 	C:\WINDOWS\system32\MSCTF.dll
0x0000000056640000 - 0x00000000567d8000 	C:\Program Files\Java\jre1.8.0_45\bin\awt.dll
0x00007ffe16e20000 - 0x00007ffe16e9a000 	C:\WINDOWS\SYSTEM32\apphelp.dll
0x0000000057270000 - 0x0000000057285000 	C:\Program Files\Java\jre1.8.0_45\bin\javafx_font.dll
0x00007ffdfcea0000 - 0x00007ffdfd0f5000 	C:\WINDOWS\SYSTEM32\dwrite.dll
0x00007ffe1c3b0000 - 0x00007ffe1c44f000 	C:\WINDOWS\system32\clbcatq.dll
0x00007ffe17780000 - 0x00007ffe17926000 	C:\WINDOWS\SYSTEM32\WindowsCodecs.dll
0x00007ffe0baf0000 - 0x00007ffe0bb39000 	C:\WINDOWS\system32\dataexchange.dll
0x00007ffe16270000 - 0x00007ffe16518000 	C:\WINDOWS\system32\d3d11.dll
0x00007ffe16920000 - 0x00007ffe16a48000 	C:\WINDOWS\system32\dcomp.dll
0x00007ffe16c80000 - 0x00007ffe16d1c000 	C:\WINDOWS\system32\dxgi.dll
0x00007ffe16110000 - 0x00007ffe1621a000 	C:\WINDOWS\system32\twinapi.appcore.dll
0x00007ffe18ad0000 - 0x00007ffe18afb000 	C:\WINDOWS\system32\bcrypt.dll
0x00007ffe171e0000 - 0x00007ffe17213000 	C:\Program Files\Common Files\Microsoft Shared\Ink\rtscom.dll
0x0000000057250000 - 0x0000000057261000 	C:\Program Files\Java\jre1.8.0_45\bin\prism_common.dll
0x00007ffe140f0000 - 0x00007ffe1463b000 	C:\WINDOWS\SYSTEM32\d2d1.dll
0x00007ffe19b70000 - 0x00007ffe19d36000 	C:\WINDOWS\system32\CRYPT32.dll
0x00007ffe18f60000 - 0x00007ffe18f70000 	C:\WINDOWS\system32\MSASN1.dll
0x00007ffdfa950000 - 0x00007ffdfabe1000 	C:\WINDOWS\SYSTEM32\D3D10Warp.dll
0x00007ffe117d0000 - 0x00007ffe11962000 	C:\WINDOWS\SYSTEM32\dbghelp.dll

VM Arguments:
jvm_args: -Dfile.encoding=Cp1252 
java_command: clientGUI.ClientGUI
java_class_path (initial): C:\Users\Bollen\Desktop\PROG\SlopeRacer-workspace\Slope-racer\bin;C:\Users\Bollen\Desktop\lib\jbox2d-jbox2d-2.2.1.1\jbox2d-library\target\classes;C:\Users\Bollen\Desktop\lib\jbox2d-jbox2d-2.2.1.1\jbox2d-library\target\test-classes;C:\Users\Bollen\.m2\repository\junit\junit\4.8.2\junit-4.8.2.jar;C:\Users\Bollen\Desktop\lib\jbox2d-jbox2d-2.2.1.1\jbox2d-serialization\target\classes;C:\Users\Bollen\Desktop\lib\jbox2d-jbox2d-2.2.1.1\jbox2d-serialization\target\test-classes;C:\Users\Bollen\Desktop\lib\jbox2d-jbox2d-2.2.1.1\jbox2d-testbed\target\classes;C:\Users\Bollen\Desktop\lib\jbox2d-jbox2d-2.2.1.1\jbox2d-testbed\target\test-classes;C:\Users\Bollen\Desktop\lib\jbox2d-jbox2d-2.2.1.1\jbox2d-testbed-jogl\target\classes;C:\Users\Bollen\Desktop\lib\jbox2d-jbox2d-2.2.1.1\jbox2d-testbed-jogl\target\test-classes
Launcher Type: SUN_STANDARD

Environment Variables:
PATH=C:/Program Files/Java/jre1.8.0_45/bin/server;C:/Program Files/Java/jre1.8.0_45/bin;C:/Program Files/Java/jre1.8.0_45/lib/amd64;C:\Windows\System32;C:\Program Files (x86)\Java\jre1.8.0_77\bin;C:\WINDOWS\system32;C:\WINDOWS;%localappdata%\Microsoft\WindowsApps;C:\WINDOWS\System32\Wbem;C:\WINDOWS\System32\WindowsPowerShell\v1.0\;C:\wamp64\bin\php\php7.0.0;%USERPROFILE%\AppData\Local\Microsoft\WindowsApps;;C:\Users\Bollen\eclipse\java-mars\eclipse;
USERNAME=Bollen
OS=Windows_NT
PROCESSOR_IDENTIFIER=Intel64 Family 6 Model 60 Stepping 3, GenuineIntel



---------------  S Y S T E M  ---------------

OS: Windows 10.0 , 64 bit Build 14342 (10.0.14342.1000)

CPU:total 8 (4 cores per cpu, 2 threads per core) family 6 model 60 stepping 3, cmov, cx8, fxsr, mmx, sse, sse2, sse3, ssse3, sse4.1, sse4.2, popcnt, avx, avx2, aes, clmul, erms, lzcnt, ht, tsc, tscinvbit, bmi1, bmi2

Memory: 4k page, physical 16687384k(11937500k free), swap 19702040k(14298948k free)

vm_info: Java HotSpot(TM) 64-Bit Server VM (25.45-b02) for windows-amd64 JRE (1.8.0_45-b14), built on Apr 10 2015 10:34:15 by "java_re" with MS VC++ 10.0 (VS2010)

time: Wed May 11 23:24:56 2016
elapsed time: 23 seconds (0d 0h 0m 23s)

