#
# A fatal error has been detected by the Java Runtime Environment:
#
#  EXCEPTION_ACCESS_VIOLATION (0xc0000005) at pc=0x0000000052ea3bba, pid=6400, tid=13856
#
# JRE version: Java(TM) SE Runtime Environment (8.0_45-b14) (build 1.8.0_45-b14)
# Java VM: Java HotSpot(TM) 64-Bit Server VM (25.45-b02 mixed mode windows-amd64 compressed oops)
# Problematic frame:
# C  [glass.dll+0x23bba]
#
# Failed to write core dump. Minidumps are not enabled by default on client versions of Windows
#
# If you would like to submit a bug report, please visit:
#   http://bugreport.java.com/bugreport/crash.jsp
#

---------------  T H R E A D  ---------------

Current thread (0x000000001ce39800):  VMThread [stack: 0x000000001eb10000,0x000000001ec10000] [id=13856]

siginfo: ExceptionCode=0xc0000005, reading address 0x0000000000000000

Registers:
RAX=0x0000000000000000, RBX=0x000000001fa102a8, RCX=0x000000001ce39800, RDX=0x000000001fa102a8
RSP=0x000000001ec0f1c0, RBP=0x000000001eec8d60, RSI=0x0000000000000001, RDI=0x0000000000000000
R8 =0x0000000000010002, R9 =0x000000001eec8d60, R10=0x0000000000000000, R11=0x0000000000000246
R12=0x000000001eec8d50, R13=0x0000000000000000, R14=0x000000001eec8d80, R15=0x000000001eec8d50
RIP=0x0000000052ea3bba, EFLAGS=0x0000000000010206

Top of Stack: (sp=0x000000001ec0f1c0)
0x000000001ec0f1c0:   0000000000000000 0000000052ea3cf0
0x000000001ec0f1d0:   0000000000000000 000000001eec8d78
0x000000001ec0f1e0:   0000000052ea3ba0 0000000052ea1483
0x000000001ec0f1f0:   0000000052eb8ca8 00000000c794028a
0x000000001ec0f200:   00000000014758c0 00007ffd6066decc
0x000000001ec0f210:   0000000052ea1724 0000000052ea1724
0x000000001ec0f220:   00007ffd60770180 0000000052ea16cd
0x000000001ec0f230:   0000000000000001 000000001ccc5500
0x000000001ec0f240:   0000000000000000 0000000052e80000
0x000000001ec0f250:   c000000500000001 000000001ec0e380
0x000000001ec0f260:   0000000000000000 00007ffd6063c92f
0x000000001ec0f270:   0000000000000000 0000000000000001
0x000000001ec0f280:   0000000052e80000 0000000000000000
0x000000001ec0f290:   0000a2a8dc757496 0000000001459050
0x000000001ec0f2a0:   00007ffd5dc59200 0000000003101600
0x000000001ec0f2b0:   0000000003101600 000000000145d060 

Instructions: (pc=0x0000000052ea3bba)
0x0000000052ea3b9a:   ff ff cc cc cc cc 40 53 48 83 ec 20 48 8b 1d 93
0x0000000052ea3baa:   58 01 00 48 85 db 74 15 e8 99 96 ff ff 48 8b d3
0x0000000052ea3bba:   4c 8b 00 48 8b c8 41 ff 90 b0 00 00 00 48 83 c4
0x0000000052ea3bca:   20 5b c3 cc cc cc 40 53 48 83 ec 20 48 8b 1d 0b 


Register to memory mapping:

RAX=0x0000000000000000 is an unknown value
RBX=0x000000001fa102a8 is a global jni handle
RCX=0x000000001ce39800 is an unknown value
RDX=0x000000001fa102a8 is a global jni handle
RSP=0x000000001ec0f1c0 is an unknown value
RBP=0x000000001eec8d60 is an unknown value
RSI=0x0000000000000001 is an unknown value
RDI=0x0000000000000000 is an unknown value
R8 =0x0000000000010002 is an unknown value
R9 =0x000000001eec8d60 is an unknown value
R10=0x0000000000000000 is an unknown value
R11=0x0000000000000246 is an unknown value
R12=0x000000001eec8d50 is an unknown value
R13=0x0000000000000000 is an unknown value
R14=0x000000001eec8d80 is an unknown value
R15=0x000000001eec8d50 is an unknown value


Stack: [0x000000001eb10000,0x000000001ec10000],  sp=0x000000001ec0f1c0,  free space=1020k
Native frames: (J=compiled Java code, j=interpreted, Vv=VM code, C=native code)
C  [glass.dll+0x23bba]
C  [glass.dll+0x21483]
C  [glass.dll+0x216cd]
C  [ntdll.dll+0x1c92f]
C  [ntdll.dll+0x3eeb]
C  [ntdll.dll+0x3d84]
C  [KERNEL32.DLL+0x1d9da]
C  [msvcr100.dll+0x20ccd]
V  [jvm.dll+0x20f135]
V  [jvm.dll+0x247ef7]
V  [jvm.dll+0x247196]
V  [jvm.dll+0x247631]
V  [jvm.dll+0x24784e]
V  [jvm.dll+0x29853a]
C  [msvcr100.dll+0x21d9f]
C  [msvcr100.dll+0x21e3b]
C  [KERNEL32.DLL+0x8c14]
C  [ntdll.dll+0x47e11]

VM_Operation (0x000000002060a470): Exit, mode: safepoint, requested by thread 0x000000001f1fa000


---------------  P R O C E S S  ---------------

Java Threads: ( => current thread )
  0x0000000020058800 JavaThread "AWT-Shutdown" [_thread_blocked, id=12956, stack(0x00000000285e0000,0x00000000286e0000)]
  0x000000001ff97800 JavaThread "Prism Font Disposer" daemon [_thread_blocked, id=13912, stack(0x0000000027210000,0x0000000027310000)]
  0x000000001faa3800 JavaThread "Java2D Disposer" daemon [_thread_blocked, id=7992, stack(0x0000000024f90000,0x0000000025090000)]
  0x000000001fac7800 JavaThread "Thread-3" daemon [_thread_in_native, id=5248, stack(0x0000000024ba0000,0x0000000024ca0000)]
  0x000000001fab8000 JavaThread "JavaFX-Launcher" [_thread_blocked, id=14196, stack(0x0000000024ca0000,0x0000000024da0000)]
  0x000000001f1fa000 JavaThread "JavaFX Application Thread" [_thread_blocked, id=10100, stack(0x0000000020510000,0x0000000020610000)]
  0x000000001f1f9800 JavaThread "Thread-1" daemon [_thread_blocked, id=12444, stack(0x0000000020410000,0x0000000020510000)]
  0x000000001eedc800 JavaThread "Service Thread" daemon [_thread_blocked, id=3068, stack(0x000000001f810000,0x000000001f910000)]
  0x000000001ee56000 JavaThread "C1 CompilerThread3" daemon [_thread_blocked, id=13232, stack(0x000000001f710000,0x000000001f810000)]
  0x000000001ee41800 JavaThread "C2 CompilerThread2" daemon [_thread_blocked, id=14256, stack(0x000000001f610000,0x000000001f710000)]
  0x000000001ee39800 JavaThread "C2 CompilerThread1" daemon [_thread_blocked, id=3228, stack(0x000000001f510000,0x000000001f610000)]
  0x000000001ee37000 JavaThread "C2 CompilerThread0" daemon [_thread_blocked, id=6236, stack(0x000000001f410000,0x000000001f510000)]
  0x000000001ee35800 JavaThread "Attach Listener" daemon [_thread_blocked, id=11356, stack(0x000000001f310000,0x000000001f410000)]
  0x000000001ee34000 JavaThread "Signal Dispatcher" daemon [_thread_blocked, id=11808, stack(0x000000001f210000,0x000000001f310000)]
  0x00000000033d9000 JavaThread "Finalizer" daemon [_thread_blocked, id=1540, stack(0x000000001ed10000,0x000000001ee10000)]
  0x00000000033d2000 JavaThread "Reference Handler" daemon [_thread_blocked, id=5048, stack(0x000000001ec10000,0x000000001ed10000)]
  0x00000000032e0800 JavaThread "main" [_thread_blocked, id=14324, stack(0x00000000031e0000,0x00000000032e0000)]

Other Threads:
=>0x000000001ce39800 VMThread [stack: 0x000000001eb10000,0x000000001ec10000] [id=13856]

VM state:at safepoint (shutting down)

VM Mutex/Monitor currently owned by a thread:  ([mutex/lock_event])
[0x000000000310c860] Threads_lock - owner thread: 0x000000001ce39800

Heap:
 PSYoungGen      total 76288K, used 42700K [0x000000076b180000, 0x0000000770680000, 0x00000007c0000000)
  eden space 65536K, 65% used [0x000000076b180000,0x000000076db333c8,0x000000076f180000)
  from space 10752K, 0% used [0x000000076fc00000,0x000000076fc00000,0x0000000770680000)
  to   space 10752K, 0% used [0x000000076f180000,0x000000076f180000,0x000000076fc00000)
 ParOldGen       total 175104K, used 0K [0x00000006c1400000, 0x00000006cbf00000, 0x000000076b180000)
  object space 175104K, 0% used [0x00000006c1400000,0x00000006c1400000,0x00000006cbf00000)
 Metaspace       used 14802K, capacity 15538K, committed 15744K, reserved 1062912K
  class space    used 2199K, capacity 2355K, committed 2432K, reserved 1048576K

Card table byte_map: [0x00000000127a0000,0x0000000012fa0000] byte_map_base: 0x000000000f196000

Marking Bits: (ParMarkBitMap*) 0x0000000053994040
 Begin Bits: [0x0000000013cf0000, 0x0000000017ca0000)
 End Bits:   [0x0000000017ca0000, 0x000000001bc50000)

Polling page: 0x0000000003030000

CodeCache: size=245760Kb used=4617Kb max_used=4617Kb free=241143Kb
 bounds [0x00000000033e0000, 0x0000000003870000, 0x00000000123e0000]
 total_blobs=2041 nmethods=1381 adapters=572
 compilation: enabled

Compilation events (10 events):
Event: 1.884 Thread 0x000000001ee56000 1378       3       java.util.WeakHashMap::putAll (133 bytes)
Event: 1.884 Thread 0x000000001ee56000 nmethod 1378 0x0000000003860cd0 code [0x0000000003860f20, 0x0000000003861ac8]
Event: 1.884 Thread 0x000000001ee56000 1377       3       java.lang.Math::min (12 bytes)
Event: 1.885 Thread 0x000000001ee56000 nmethod 1377 0x000000000385e910 code [0x000000000385ea60, 0x000000000385ebf0]
Event: 1.889 Thread 0x000000001ee56000 1379       1       com.sun.javafx.scene.SceneEventDispatcher::getFirstDispatcher (5 bytes)
Event: 1.890 Thread 0x000000001ee56000 nmethod 1379 0x0000000003860a10 code [0x0000000003860b60, 0x0000000003860c70]
Event: 1.896 Thread 0x000000001ee56000 1380       3       java.lang.invoke.MethodHandleNatives::refKindHasReceiver (33 bytes)
Event: 1.896 Thread 0x000000001ee56000 nmethod 1380 0x0000000003860690 code [0x00000000038607e0, 0x0000000003860990]
Event: 1.901 Thread 0x000000001ee56000 1381       1       java.util.concurrent.atomic.AtomicInteger::get (5 bytes)
Event: 1.901 Thread 0x000000001ee56000 nmethod 1381 0x0000000003860390 code [0x00000000038604e0, 0x00000000038605f0]

GC Heap History (0 events):
No events

Deoptimization events (10 events):
Event: 0.568 Thread 0x000000001f1fa000 Uncommon trap: reason=unstable_if action=reinterpret pc=0x000000000368efa8 method=java.util.HashMap.hash(Ljava/lang/Object;)I @ 1
Event: 0.620 Thread 0x000000001f1fa000 Uncommon trap: reason=class_check action=maybe_recompile pc=0x00000000036e3da8 method=java.io.DataInputStream.readShort()S @ 4
Event: 0.621 Thread 0x000000001f1fa000 Uncommon trap: reason=class_check action=maybe_recompile pc=0x00000000036e3da8 method=java.io.DataInputStream.readShort()S @ 4
Event: 0.621 Thread 0x000000001f1fa000 Uncommon trap: reason=class_check action=maybe_recompile pc=0x00000000036e3da8 method=java.io.DataInputStream.readShort()S @ 4
Event: 0.621 Thread 0x000000001f1fa000 Uncommon trap: reason=class_check action=maybe_recompile pc=0x00000000036e3da8 method=java.io.DataInputStream.readShort()S @ 4
Event: 0.625 Thread 0x000000001f1fa000 Uncommon trap: reason=class_check action=maybe_recompile pc=0x0000000003507ed4 method=java.lang.String.equals(Ljava/lang/Object;)Z @ 8
Event: 0.625 Thread 0x000000001f1fa000 Uncommon trap: reason=class_check action=maybe_recompile pc=0x0000000003507ed4 method=java.lang.String.equals(Ljava/lang/Object;)Z @ 8
Event: 0.625 Thread 0x000000001f1fa000 Uncommon trap: reason=class_check action=maybe_recompile pc=0x0000000003507ed4 method=java.lang.String.equals(Ljava/lang/Object;)Z @ 8
Event: 0.626 Thread 0x000000001f1fa000 Uncommon trap: reason=class_check action=maybe_recompile pc=0x0000000003507ed4 method=java.lang.String.equals(Ljava/lang/Object;)Z @ 8
Event: 0.728 Thread 0x000000001f1fa000 Uncommon trap: reason=unstable_if action=reinterpret pc=0x0000000003680fb8 method=jdk.internal.org.objectweb.asm.Type.getArgumentsAndReturnSizes(Ljava/lang/String;)I @ 47

Internal exceptions (10 events):
Event: 0.112 Thread 0x00000000032e0800 Exception <a 'java/security/PrivilegedActionException'> (0x000000076b652620) thrown at [C:\re\workspace\8-2-build-windows-amd64-cygwin\jdk8u45\3457\hotspot\src\share\vm\prims\jvm.cpp, line 1382]
Event: 0.112 Thread 0x00000000032e0800 Exception <a 'java/security/PrivilegedActionException'> (0x000000076b656118) thrown at [C:\re\workspace\8-2-build-windows-amd64-cygwin\jdk8u45\3457\hotspot\src\share\vm\prims\jvm.cpp, line 1382]
Event: 0.112 Thread 0x00000000032e0800 Exception <a 'java/security/PrivilegedActionException'> (0x000000076b6562d0) thrown at [C:\re\workspace\8-2-build-windows-amd64-cygwin\jdk8u45\3457\hotspot\src\share\vm\prims\jvm.cpp, line 1382]
Event: 0.113 Thread 0x00000000032e0800 Exception <a 'java/lang/NullPointerException'> (0x000000076b6569c0) thrown at [C:\re\workspace\8-2-build-windows-amd64-cygwin\jdk8u45\3457\hotspot\src\share\vm\interpreter\linkResolver.cpp, line 1178]
Event: 0.232 Thread 0x000000001f1fa000 Exception <a 'java/io/FileNotFoundException'> (0x000000076bb4a250) thrown at [C:\re\workspace\8-2-build-windows-amd64-cygwin\jdk8u45\3457\hotspot\src\share\vm\prims\jni.cpp, line 709]
Event: 0.287 Thread 0x000000001f1fa000 Exception <a 'java/lang/NullPointerException'> (0x000000076c382360) thrown at [C:\re\workspace\8-2-build-windows-amd64-cygwin\jdk8u45\3457\hotspot\src\share\vm\interpreter\linkResolver.cpp, line 1178]
Event: 0.287 Thread 0x000000001f1fa000 Exception <a 'java/lang/NullPointerException'> (0x000000076c382360) thrown at [C:\re\workspace\8-2-build-windows-amd64-cygwin\jdk8u45\3457\hotspot\src\share\vm\prims\jvm.cpp, line 1386]
Event: 0.566 Thread 0x000000001f1fa000 Implicit null exception at 0x00000000036fd2f5 to 0x00000000036fd6ad
Event: 0.568 Thread 0x000000001f1fa000 Implicit null exception at 0x000000000368ef2f to 0x000000000368ef99
Event: 1.901 Thread 0x0000000020057000 Exception <a 'java/lang/IllegalStateException'> (0x000000076d9f1500) thrown at [C:\re\workspace\8-2-build-windows-amd64-cygwin\jdk8u45\3457\hotspot\src\share\vm\prims\jvm.cpp, line 1386]

Events (10 events):
Event: 1.901 loading class com/sun/javafx/tk/quantum/QuantumToolkit done
Event: 1.901 loading class java/util/LinkedList$ListItr
Event: 1.901 loading class java/util/LinkedList$ListItr done
Event: 1.901 Thread 0x0000000020057000 Thread exited: 0x0000000020057000
Event: 1.901 loading class com/sun/prism/ResourceFactoryListener
Event: 1.901 loading class com/sun/prism/ResourceFactoryListener done
Event: 1.903 Thread 0x000000001faa7000 Thread exited: 0x000000001faa7000
Event: 1.907 Thread 0x000000001f1bf800 Thread exited: 0x000000001f1bf800
Event: 2.002 Thread 0x0000000020057800 Thread exited: 0x0000000020057800
Event: 2.002 Executing VM operation: Exit


Dynamic libraries:
0x00007ff610010000 - 0x00007ff610047000 	C:\Program Files\Java\jre1.8.0_45\bin\javaw.exe
0x00007ffd60620000 - 0x00007ffd607ed000 	C:\WINDOWS\SYSTEM32\ntdll.dll
0x00007ffd602a0000 - 0x00007ffd6034c000 	C:\WINDOWS\system32\KERNEL32.DLL
0x00007ffd5d0b0000 - 0x00007ffd5d2c4000 	C:\WINDOWS\system32\KERNELBASE.dll
0x00007ffd5fde0000 - 0x00007ffd5fe82000 	C:\WINDOWS\system32\ADVAPI32.dll
0x00007ffd60060000 - 0x00007ffd600fe000 	C:\WINDOWS\system32\msvcrt.dll
0x00007ffd5f270000 - 0x00007ffd5f2ca000 	C:\WINDOWS\system32\sechost.dll
0x00007ffd5f990000 - 0x00007ffd5fab1000 	C:\WINDOWS\system32\RPCRT4.dll
0x00007ffd5fe90000 - 0x00007ffd5fff7000 	C:\WINDOWS\system32\USER32.dll
0x0000000055480000 - 0x000000005549e000 	C:\WINDOWS\system32\win32u.dll
0x00007ffd5f7e0000 - 0x00007ffd5f811000 	C:\WINDOWS\system32\GDI32.dll
0x00007ffd5cc30000 - 0x00007ffd5cdb4000 	C:\WINDOWS\system32\gdi32full.dll
0x00007ffd56c40000 - 0x00007ffd56eaa000 	C:\WINDOWS\WinSxS\amd64_microsoft.windows.common-controls_6595b64144ccf1df_6.0.14332.1001_none_7e2a8ddb6841a117\COMCTL32.dll
0x00007ffd5fb30000 - 0x00007ffd5fdde000 	C:\WINDOWS\system32\combase.dll
0x00007ffd5db00000 - 0x00007ffd5dbf5000 	C:\WINDOWS\system32\ucrtbase.dll
0x00007ffd5ce70000 - 0x00007ffd5ced9000 	C:\WINDOWS\system32\bcryptPrimitives.dll
0x00007ffd5f820000 - 0x00007ffd5f84e000 	C:\WINDOWS\system32\IMM32.DLL
0x0000000052f00000 - 0x0000000052fd2000 	C:\Program Files\Java\jre1.8.0_45\bin\msvcr100.dll
0x0000000053190000 - 0x0000000053a13000 	C:\Program Files\Java\jre1.8.0_45\bin\server\jvm.dll
0x00007ffd5dc00000 - 0x00007ffd5dc07000 	C:\WINDOWS\system32\PSAPI.DLL
0x00007ffd59480000 - 0x00007ffd59489000 	C:\WINDOWS\SYSTEM32\WSOCK32.dll
0x00007ffd5a770000 - 0x00007ffd5a793000 	C:\WINDOWS\SYSTEM32\WINMM.dll
0x00007ffd574a0000 - 0x00007ffd574aa000 	C:\WINDOWS\SYSTEM32\VERSION.dll
0x00007ffd5fac0000 - 0x00007ffd5fb2c000 	C:\WINDOWS\system32\WS2_32.dll
0x0000000001890000 - 0x00000000018bc000 	C:\WINDOWS\SYSTEM32\WINMMBASE.dll
0x00007ffd5dab0000 - 0x00007ffd5daf2000 	C:\WINDOWS\system32\cfgmgr32.dll
0x00000000530a0000 - 0x00000000530af000 	C:\Program Files\Java\jre1.8.0_45\bin\verify.dll
0x0000000053070000 - 0x0000000053099000 	C:\Program Files\Java\jre1.8.0_45\bin\java.dll
0x0000000053050000 - 0x0000000053066000 	C:\Program Files\Java\jre1.8.0_45\bin\zip.dll
0x00007ffd5dd80000 - 0x00007ffd5f245000 	C:\WINDOWS\system32\SHELL32.dll
0x00007ffd5d2d0000 - 0x00007ffd5d991000 	C:\WINDOWS\system32\windows.storage.dll
0x00007ffd5cbd0000 - 0x00007ffd5cc1c000 	C:\WINDOWS\system32\powrprof.dll
0x00007ffd5f350000 - 0x00007ffd5f3a1000 	C:\WINDOWS\system32\shlwapi.dll
0x00007ffd5cbc0000 - 0x00007ffd5cbcf000 	C:\WINDOWS\system32\kernel.appcore.dll
0x00007ffd5da00000 - 0x00007ffd5daa7000 	C:\WINDOWS\system32\shcore.dll
0x00007ffd5cba0000 - 0x00007ffd5cbb4000 	C:\WINDOWS\system32\profapi.dll
0x0000000052ed0000 - 0x0000000052efc000 	C:\Program Files\Java\jre1.8.0_45\bin\prism_d3d.dll
0x00007ffd59770000 - 0x00007ffd598fc000 	C:\WINDOWS\system32\d3d9.dll
0x00007ffd586b0000 - 0x00007ffd586d7000 	C:\WINDOWS\SYSTEM32\dwmapi.dll
0x00007ffd5b460000 - 0x00007ffd5b4f5000 	C:\WINDOWS\system32\uxtheme.dll
0x00007ffd603f0000 - 0x00007ffd604ae000 	C:\WINDOWS\system32\OLEAUT32.dll
0x00007ffd5f850000 - 0x00007ffd5f98b000 	C:\WINDOWS\system32\ole32.dll
0x0000000052e80000 - 0x0000000052ec1000 	C:\Program Files\Java\jre1.8.0_45\bin\glass.dll
0x00007ffd60520000 - 0x00007ffd60611000 	C:\WINDOWS\system32\COMDLG32.dll
0x00007ffd5dc10000 - 0x00007ffd5dd7b000 	C:\WINDOWS\system32\MSCTF.dll
0x0000000052ce0000 - 0x0000000052e78000 	C:\Program Files\Java\jre1.8.0_45\bin\awt.dll
0x00007ffd5b240000 - 0x00007ffd5b2ba000 	C:\WINDOWS\SYSTEM32\apphelp.dll
0x0000000052cc0000 - 0x0000000052cd5000 	C:\Program Files\Java\jre1.8.0_45\bin\javafx_font.dll
0x00007ffd4e8a0000 - 0x00007ffd4eaf5000 	C:\WINDOWS\SYSTEM32\dwrite.dll
0x00007ffd60350000 - 0x00007ffd603f0000 	C:\WINDOWS\system32\clbcatq.dll
0x00007ffd58440000 - 0x00007ffd585e0000 	C:\WINDOWS\SYSTEM32\WindowsCodecs.dll
0x00007ffd42800000 - 0x00007ffd42849000 	C:\WINDOWS\system32\dataexchange.dll
0x00007ffd58fd0000 - 0x00007ffd5924c000 	C:\WINDOWS\system32\d3d11.dll
0x00007ffd5ac50000 - 0x00007ffd5ad78000 	C:\WINDOWS\system32\dcomp.dll
0x00007ffd5abb0000 - 0x00007ffd5ac4d000 	C:\WINDOWS\system32\dxgi.dll
0x00007ffd5b7d0000 - 0x00007ffd5b8e1000 	C:\WINDOWS\system32\twinapi.appcore.dll
0x00007ffd5cae0000 - 0x00007ffd5cb0a000 	C:\WINDOWS\system32\bcrypt.dll
0x00007ffd51f60000 - 0x00007ffd51f93000 	C:\Program Files\Common Files\Microsoft Shared\Ink\rtscom.dll
0x0000000052ca0000 - 0x0000000052cb1000 	C:\Program Files\Java\jre1.8.0_45\bin\prism_common.dll
0x00007ffd50d80000 - 0x00007ffd512b0000 	C:\WINDOWS\SYSTEM32\d2d1.dll
0x00007ffd5cee0000 - 0x00007ffd5d0a8000 	C:\WINDOWS\system32\CRYPT32.dll
0x00007ffd5cc20000 - 0x00007ffd5cc30000 	C:\WINDOWS\system32\MSASN1.dll
0x00007ffd38d90000 - 0x00007ffd3901d000 	C:\WINDOWS\SYSTEM32\D3D10Warp.dll
0x00007ffd432e0000 - 0x00007ffd43471000 	C:\WINDOWS\SYSTEM32\dbghelp.dll

VM Arguments:
jvm_args: -Dfile.encoding=Cp1252 
java_command: clientGUI.ClientGUI
java_class_path (initial): C:\Users\Bollen\Desktop\PROG\SlopeRacer-workspace\Slope-racer\bin;C:\Users\Bollen\Desktop\lib\jbox2d-jbox2d-2.2.1.1\jbox2d-library\target\classes;C:\Users\Bollen\Desktop\lib\jbox2d-jbox2d-2.2.1.1\jbox2d-library\target\test-classes;C:\Users\Bollen\.m2\repository\junit\junit\4.8.2\junit-4.8.2.jar;C:\Users\Bollen\Desktop\lib\jbox2d-jbox2d-2.2.1.1\jbox2d-serialization\target\classes;C:\Users\Bollen\Desktop\lib\jbox2d-jbox2d-2.2.1.1\jbox2d-serialization\target\test-classes;C:\Users\Bollen\Desktop\lib\jbox2d-jbox2d-2.2.1.1\jbox2d-testbed\target\classes;C:\Users\Bollen\Desktop\lib\jbox2d-jbox2d-2.2.1.1\jbox2d-testbed\target\test-classes;C:\Users\Bollen\Desktop\lib\jbox2d-jbox2d-2.2.1.1\jbox2d-testbed-jogl\target\classes;C:\Users\Bollen\Desktop\lib\jbox2d-jbox2d-2.2.1.1\jbox2d-testbed-jogl\target\test-classes
Launcher Type: SUN_STANDARD

Environment Variables:
PATH=C:/Program Files/Java/jre1.8.0_45/bin/server;C:/Program Files/Java/jre1.8.0_45/bin;C:/Program Files/Java/jre1.8.0_45/lib/amd64;C:\Windows\System32;C:\Program Files (x86)\Java\jre1.8.0_77\bin;C:\WINDOWS\system32;C:\WINDOWS;%localappdata%\Microsoft\WindowsApps;C:\WINDOWS\System32\Wbem;C:\WINDOWS\System32\WindowsPowerShell\v1.0\;C:\wamp64\bin\php\php7.0.0;%USERPROFILE%\AppData\Local\Microsoft\WindowsApps;;C:\Users\Bollen\eclipse\java-mars\eclipse;
USERNAME=Bollen
OS=Windows_NT
PROCESSOR_IDENTIFIER=Intel64 Family 6 Model 60 Stepping 3, GenuineIntel



---------------  S Y S T E M  ---------------

OS: Windows 10.0 , 64 bit Build 14332 (10.0.14332.1001)

CPU:total 8 (4 cores per cpu, 2 threads per core) family 6 model 60 stepping 3, cmov, cx8, fxsr, mmx, sse, sse2, sse3, ssse3, sse4.1, sse4.2, popcnt, avx, avx2, aes, clmul, erms, lzcnt, ht, tsc, tscinvbit, bmi1, bmi2

Memory: 4k page, physical 16687384k(11276192k free), swap 19177752k(12053856k free)

vm_info: Java HotSpot(TM) 64-Bit Server VM (25.45-b02) for windows-amd64 JRE (1.8.0_45-b14), built on Apr 10 2015 10:34:15 by "java_re" with MS VC++ 10.0 (VS2010)

time: Wed May 11 20:27:30 2016
elapsed time: 2 seconds (0d 0h 0m 2s)

