#
# A fatal error has been detected by the Java Runtime Environment:
#
#  EXCEPTION_ACCESS_VIOLATION (0xc0000005) at pc=0x0000000057363bba, pid=10928, tid=432
#
# JRE version: Java(TM) SE Runtime Environment (8.0_45-b14) (build 1.8.0_45-b14)
# Java VM: Java HotSpot(TM) 64-Bit Server VM (25.45-b02 mixed mode windows-amd64 compressed oops)
# Problematic frame:
# C  [glass.dll+0x23bba]
#
# Failed to write core dump. Minidumps are not enabled by default on client versions of Windows
#
# If you would like to submit a bug report, please visit:
#   http://bugreport.java.com/bugreport/crash.jsp
#

---------------  T H R E A D  ---------------

Current thread (0x000000001c4e9800):  VMThread [stack: 0x000000001e1e0000,0x000000001e2e0000] [id=432]

siginfo: ExceptionCode=0xc0000005, reading address 0x0000000000000000

Registers:
RAX=0x0000000000000000, RBX=0x000000001c3c4178, RCX=0x000000001c4e9800, RDX=0x000000001c3c4178
RSP=0x000000001e2df4a0, RBP=0x000000001e594d60, RSI=0x0000000000000001, RDI=0x0000000000000000
R8 =0x0000000000010002, R9 =0x000000001e594d60, R10=0x0000000000000000, R11=0x0000000000000246
R12=0x000000001e594d50, R13=0x0000000000000000, R14=0x000000001e594d80, R15=0x000000001e594d50
RIP=0x0000000057363bba, EFLAGS=0x0000000000010202

Top of Stack: (sp=0x000000001e2df4a0)
0x000000001e2df4a0:   0000000000000000 0000000057363cf0
0x000000001e2df4b0:   0000000000000000 000000001e594d78
0x000000001e2df4c0:   0000000057363ba0 0000000057361483
0x000000001e2df4d0:   0000000057378ca8 00007ffe6940ab15
0x000000001e2df4e0:   0000000000000001 000000001c375400
0x000000001e2df4f0:   0000000057361724 0000000057361724
0x000000001e2df500:   00007ffe1ca8f150 00000000573616cd
0x000000001e2df510:   0000000000000001 000000001c375400
0x000000001e2df520:   0000000000000000 0000000057340000
0x000000001e2df530:   c000000500000001 000000001e2de610
0x000000001e2df540:   0000000000000000 00007ffe1c950f57
0x000000001e2df550:   0000000000000000 0000000000000001
0x000000001e2df560:   0000000057340000 0000000000000000
0x000000001e2df570:   00006d4c65ddec14 0000000000c95f90
0x000000001e2df580:   00007ffe1a1f8700 0000000002841600
0x000000001e2df590:   0000000002841600 0000000000c98dd0 

Instructions: (pc=0x0000000057363bba)
0x0000000057363b9a:   ff ff cc cc cc cc 40 53 48 83 ec 20 48 8b 1d 93
0x0000000057363baa:   58 01 00 48 85 db 74 15 e8 99 96 ff ff 48 8b d3
0x0000000057363bba:   4c 8b 00 48 8b c8 41 ff 90 b0 00 00 00 48 83 c4
0x0000000057363bca:   20 5b c3 cc cc cc 40 53 48 83 ec 20 48 8b 1d 0b 


Register to memory mapping:

RAX=0x0000000000000000 is an unknown value
RBX=0x000000001c3c4178 is a global jni handle
RCX=0x000000001c4e9800 is an unknown value
RDX=0x000000001c3c4178 is a global jni handle
RSP=0x000000001e2df4a0 is an unknown value
RBP=0x000000001e594d60 is an unknown value
RSI=0x0000000000000001 is an unknown value
RDI=0x0000000000000000 is an unknown value
R8 =0x0000000000010002 is an unknown value
R9 =0x000000001e594d60 is an unknown value
R10=0x0000000000000000 is an unknown value
R11=0x0000000000000246 is an unknown value
R12=0x000000001e594d50 is an unknown value
R13=0x0000000000000000 is an unknown value
R14=0x000000001e594d80 is an unknown value
R15=0x000000001e594d50 is an unknown value


Stack: [0x000000001e1e0000,0x000000001e2e0000],  sp=0x000000001e2df4a0,  free space=1021k
Native frames: (J=compiled Java code, j=interpreted, Vv=VM code, C=native code)
C  [glass.dll+0x23bba]
C  [glass.dll+0x21483]
C  [glass.dll+0x216cd]
C  [ntdll.dll+0x10f57]
C  [ntdll.dll+0x7457b]
C  [ntdll.dll+0x7440a]
C  [KERNEL32.DLL+0x1c52a]
C  [msvcr100.dll+0x20ccd]
V  [jvm.dll+0x20f135]
V  [jvm.dll+0x247ef7]
V  [jvm.dll+0x247196]
V  [jvm.dll+0x247631]
V  [jvm.dll+0x24784e]
V  [jvm.dll+0x29853a]
C  [msvcr100.dll+0x21d9f]
C  [msvcr100.dll+0x21e3b]
C  [KERNEL32.DLL+0xfe64]
C  [ntdll.dll+0x61f51]

VM_Operation (0x000000002064a6b0): Exit, mode: safepoint, requested by thread 0x000000001f181000


---------------  P R O C E S S  ---------------

Java Threads: ( => current thread )
  0x000000001f45b800 JavaThread "Prism Font Disposer" daemon [_thread_blocked, id=7084, stack(0x000000002c940000,0x000000002ca40000)]
  0x000000001f219800 JavaThread "Thread-3" daemon [_thread_in_native, id=1672, stack(0x0000000026bc0000,0x0000000026cc0000)]
  0x000000001f14f800 JavaThread "JavaFX-Launcher" [_thread_blocked, id=7088, stack(0x0000000026cc0000,0x0000000026dc0000)]
  0x000000001f181000 JavaThread "JavaFX Application Thread" [_thread_blocked, id=10532, stack(0x0000000020550000,0x0000000020650000)]
  0x000000001f16b800 JavaThread "Thread-1" daemon [_thread_blocked, id=6412, stack(0x000000001fa20000,0x000000001fb20000)]
  0x000000001f11e000 JavaThread "QuantumRenderer-0" daemon [_thread_blocked, id=8564, stack(0x000000001f8e0000,0x000000001f9e0000)]
  0x000000001e5a7000 JavaThread "Service Thread" daemon [_thread_blocked, id=7940, stack(0x000000001eee0000,0x000000001efe0000)]
  0x000000001e518000 JavaThread "C1 CompilerThread3" daemon [_thread_blocked, id=8176, stack(0x000000001ede0000,0x000000001eee0000)]
  0x000000001e512800 JavaThread "C2 CompilerThread2" daemon [_thread_blocked, id=3768, stack(0x000000001ece0000,0x000000001ede0000)]
  0x000000001e509800 JavaThread "C2 CompilerThread1" daemon [_thread_blocked, id=4652, stack(0x000000001ebe0000,0x000000001ece0000)]
  0x000000001e507000 JavaThread "C2 CompilerThread0" daemon [_thread_blocked, id=6336, stack(0x000000001eae0000,0x000000001ebe0000)]
  0x000000001e505800 JavaThread "Attach Listener" daemon [_thread_blocked, id=3364, stack(0x000000001e9e0000,0x000000001eae0000)]
  0x000000001e504000 JavaThread "Signal Dispatcher" daemon [_thread_blocked, id=10148, stack(0x000000001e8e0000,0x000000001e9e0000)]
  0x0000000002a89000 JavaThread "Finalizer" daemon [_thread_blocked, id=8224, stack(0x000000001e3e0000,0x000000001e4e0000)]
  0x0000000002a82000 JavaThread "Reference Handler" daemon [_thread_blocked, id=9708, stack(0x000000001e2e0000,0x000000001e3e0000)]
  0x0000000002990800 JavaThread "main" [_thread_blocked, id=4020, stack(0x0000000002850000,0x0000000002950000)]

Other Threads:
=>0x000000001c4e9800 VMThread [stack: 0x000000001e1e0000,0x000000001e2e0000] [id=432]

VM state:at safepoint (shutting down)

VM Mutex/Monitor currently owned by a thread:  ([mutex/lock_event])
[0x000000000284c360] Threads_lock - owner thread: 0x000000001c4e9800

Heap:
 PSYoungGen      total 76288K, used 36209K [0x000000076b180000, 0x0000000770680000, 0x00000007c0000000)
  eden space 65536K, 55% used [0x000000076b180000,0x000000076d4dc6f8,0x000000076f180000)
  from space 10752K, 0% used [0x000000076fc00000,0x000000076fc00000,0x0000000770680000)
  to   space 10752K, 0% used [0x000000076f180000,0x000000076f180000,0x000000076fc00000)
 ParOldGen       total 175104K, used 0K [0x00000006c1400000, 0x00000006cbf00000, 0x000000076b180000)
  object space 175104K, 0% used [0x00000006c1400000,0x00000006c1400000,0x00000006cbf00000)
 Metaspace       used 13582K, capacity 14268K, committed 14592K, reserved 1060864K
  class space    used 2063K, capacity 2218K, committed 2304K, reserved 1048576K

Card table byte_map: [0x0000000011e50000,0x0000000012650000] byte_map_base: 0x000000000e846000

Marking Bits: (ParMarkBitMap*) 0x00000000570f4040
 Begin Bits: [0x00000000133a0000, 0x0000000017350000)
 End Bits:   [0x0000000017350000, 0x000000001b300000)

Polling page: 0x0000000000c40000

CodeCache: size=245760Kb used=4380Kb max_used=4380Kb free=241379Kb
 bounds [0x0000000002a90000, 0x0000000002ee0000, 0x0000000011a90000]
 total_blobs=1931 nmethods=1312 adapters=531
 compilation: enabled

Compilation events (10 events):
Event: 3.329 Thread 0x000000001e518000 nmethod 1307 0x0000000002ed6dd0 code [0x0000000002ed6f40, 0x0000000002ed7290]
Event: 3.331 Thread 0x000000001e518000 1309       3       java.util.Collections$UnmodifiableCollection::iterator (9 bytes)
Event: 3.331 Thread 0x000000001e518000 nmethod 1309 0x0000000002ed7350 code [0x0000000002ed74c0, 0x0000000002ed7828]
Event: 3.331 Thread 0x000000001e518000 1310       3       java.util.Collections$UnmodifiableCollection$1::<init> (26 bytes)
Event: 3.331 Thread 0x000000001e518000 nmethod 1310 0x0000000002ed7990 code [0x0000000002ed7b00, 0x0000000002ed7dc8]
Event: 3.332 Thread 0x000000001e518000 1311       3       jdk.internal.org.objectweb.asm.MethodVisitor::visitVarInsn (17 bytes)
Event: 3.332 Thread 0x000000001e518000 nmethod 1311 0x0000000002ed7ed0 code [0x0000000002ed8040, 0x0000000002ed82a8]
Event: 3.332 Thread 0x000000001e518000 1312       3       java.lang.Byte::valueOf (10 bytes)
Event: 3.332 Thread 0x000000001e518000 nmethod 1312 0x0000000002ed8390 code [0x0000000002ed84e0, 0x0000000002ed8650]
Event: 3.334 Thread 0x000000001e518000 1313       3       java.lang.invoke.MemberName::<init> (131 bytes)

GC Heap History (0 events):
No events

Deoptimization events (10 events):
Event: 0.547 Thread 0x000000001f181000 Uncommon trap: reason=class_check action=maybe_recompile pc=0x0000000002d533e8 method=java.io.DataInputStream.readShort()S @ 4
Event: 0.548 Thread 0x000000001f181000 Uncommon trap: reason=class_check action=maybe_recompile pc=0x0000000002d533e8 method=java.io.DataInputStream.readShort()S @ 4
Event: 0.548 Thread 0x000000001f181000 Uncommon trap: reason=class_check action=maybe_recompile pc=0x0000000002d533e8 method=java.io.DataInputStream.readShort()S @ 4
Event: 0.554 Thread 0x000000001f181000 Uncommon trap: reason=class_check action=maybe_recompile pc=0x0000000002bb5154 method=java.lang.String.equals(Ljava/lang/Object;)Z @ 8
Event: 0.554 Thread 0x000000001f181000 Uncommon trap: reason=class_check action=maybe_recompile pc=0x0000000002bb5154 method=java.lang.String.equals(Ljava/lang/Object;)Z @ 8
Event: 0.554 Thread 0x000000001f181000 Uncommon trap: reason=class_check action=maybe_recompile pc=0x0000000002bb5154 method=java.lang.String.equals(Ljava/lang/Object;)Z @ 8
Event: 0.554 Thread 0x000000001f181000 Uncommon trap: reason=class_check action=maybe_recompile pc=0x0000000002bb5154 method=java.lang.String.equals(Ljava/lang/Object;)Z @ 8
Event: 0.569 Thread 0x000000001f181000 Uncommon trap: reason=unstable_if action=reinterpret pc=0x0000000002d9abb4 method=java.lang.CharacterDataLatin1.toUpperCase(I)I @ 12
Event: 0.635 Thread 0x000000001f181000 Uncommon trap: reason=unstable_if action=reinterpret pc=0x0000000002d84d9c method=sun.misc.URLClassPath$JarLoader.ensureOpen()V @ 4
Event: 3.267 Thread 0x000000001f181000 Uncommon trap: reason=unstable_if action=reinterpret pc=0x0000000002deaef8 method=jdk.internal.org.objectweb.asm.Type.getArgumentsAndReturnSizes(Ljava/lang/String;)I @ 47

Internal exceptions (10 events):
Event: 0.129 Thread 0x0000000002990800 Exception <a 'java/security/PrivilegedActionException'> (0x000000076b652948) thrown at [C:\re\workspace\8-2-build-windows-amd64-cygwin\jdk8u45\3457\hotspot\src\share\vm\prims\jvm.cpp, line 1382]
Event: 0.129 Thread 0x0000000002990800 Exception <a 'java/security/PrivilegedActionException'> (0x000000076b656440) thrown at [C:\re\workspace\8-2-build-windows-amd64-cygwin\jdk8u45\3457\hotspot\src\share\vm\prims\jvm.cpp, line 1382]
Event: 0.129 Thread 0x0000000002990800 Exception <a 'java/security/PrivilegedActionException'> (0x000000076b6565f8) thrown at [C:\re\workspace\8-2-build-windows-amd64-cygwin\jdk8u45\3457\hotspot\src\share\vm\prims\jvm.cpp, line 1382]
Event: 0.130 Thread 0x0000000002990800 Exception <a 'java/lang/NullPointerException'> (0x000000076b656ce8) thrown at [C:\re\workspace\8-2-build-windows-amd64-cygwin\jdk8u45\3457\hotspot\src\share\vm\interpreter\linkResolver.cpp, line 1178]
Event: 0.269 Thread 0x000000001f181000 Exception <a 'java/lang/NullPointerException'> (0x000000076c21d698) thrown at [C:\re\workspace\8-2-build-windows-amd64-cygwin\jdk8u45\3457\hotspot\src\share\vm\interpreter\linkResolver.cpp, line 1178]
Event: 0.269 Thread 0x000000001f181000 Exception <a 'java/lang/NullPointerException'> (0x000000076c21d698) thrown at [C:\re\workspace\8-2-build-windows-amd64-cygwin\jdk8u45\3457\hotspot\src\share\vm\prims\jvm.cpp, line 1386]
Event: 0.496 Thread 0x000000001f181000 Implicit null exception at 0x0000000002d61df5 to 0x0000000002d6210d
Event: 0.498 Thread 0x000000001f181000 Implicit null exception at 0x0000000002d61aef to 0x0000000002d61b59
Event: 0.635 Thread 0x000000001f181000 Implicit null exception at 0x0000000002d83262 to 0x0000000002d84d91
Event: 3.334 Thread 0x000000001f4f5800 Exception <a 'java/lang/IllegalStateException'> (0x000000076d39a8a8) thrown at [C:\re\workspace\8-2-build-windows-amd64-cygwin\jdk8u45\3457\hotspot\src\share\vm\prims\jvm.cpp, line 1386]

Events (10 events):
Event: 3.334 loading class java/util/HashMap$KeyIterator
Event: 3.334 loading class java/util/HashMap$KeyIterator done
Event: 3.334 loading class com/sun/javafx/tk/quantum/QuantumToolkit
Event: 3.334 loading class com/sun/javafx/tk/quantum/QuantumToolkit done
Event: 3.334 loading class java/util/LinkedList$ListItr
Event: 3.334 loading class java/util/LinkedList$ListItr done
Event: 3.334 Thread 0x000000001f4f5800 Thread exited: 0x000000001f4f5800
Event: 3.334 loading class com/sun/prism/ResourceFactoryListener
Event: 3.334 loading class com/sun/prism/ResourceFactoryListener done
Event: 3.334 Executing VM operation: Exit


Dynamic libraries:
0x00007ff793c10000 - 0x00007ff793c47000 	C:\Program Files\Java\jre1.8.0_45\bin\javaw.exe
0x00007ffe1c940000 - 0x00007ffe1cb0c000 	C:\WINDOWS\SYSTEM32\ntdll.dll
0x00007ffe1c0d0000 - 0x00007ffe1c17a000 	C:\WINDOWS\system32\KERNEL32.DLL
0x00007ffe19950000 - 0x00007ffe19b67000 	C:\WINDOWS\system32\KERNELBASE.dll
0x00007ffe1a0b0000 - 0x00007ffe1a14f000 	C:\WINDOWS\system32\ADVAPI32.dll
0x00007ffe1c5f0000 - 0x00007ffe1c68e000 	C:\WINDOWS\system32\msvcrt.dll
0x00007ffe1a150000 - 0x00007ffe1a1a9000 	C:\WINDOWS\system32\sechost.dll
0x00007ffe1c460000 - 0x00007ffe1c57b000 	C:\WINDOWS\system32\RPCRT4.dll
0x00007ffe1c180000 - 0x00007ffe1c2e7000 	C:\WINDOWS\system32\USER32.dll
0x0000000058bc0000 - 0x0000000058bde000 	C:\WINDOWS\system32\win32u.dll
0x00007ffe1a3f0000 - 0x00007ffe1a421000 	C:\WINDOWS\system32\GDI32.dll
0x00007ffe19040000 - 0x00007ffe191c4000 	C:\WINDOWS\system32\gdi32full.dll
0x00007ffe0c740000 - 0x00007ffe0c9ac000 	C:\WINDOWS\WinSxS\amd64_microsoft.windows.common-controls_6595b64144ccf1df_6.0.14342.1000_none_7e069bc768929b65\COMCTL32.dll
0x00007ffe1c690000 - 0x00007ffe1c939000 	C:\WINDOWS\system32\combase.dll
0x00007ffe19d40000 - 0x00007ffe19e35000 	C:\WINDOWS\system32\ucrtbase.dll
0x00007ffe18fd0000 - 0x00007ffe19038000 	C:\WINDOWS\system32\bcryptPrimitives.dll
0x00007ffe1c020000 - 0x00007ffe1c04e000 	C:\WINDOWS\system32\IMM32.DLL
0x00000000573c0000 - 0x0000000057492000 	C:\Program Files\Java\jre1.8.0_45\bin\msvcr100.dll
0x00000000568f0000 - 0x0000000057173000 	C:\Program Files\Java\jre1.8.0_45\bin\server\jvm.dll
0x00007ffe1a0a0000 - 0x00007ffe1a0a7000 	C:\WINDOWS\system32\PSAPI.DLL
0x00007ffe0caa0000 - 0x00007ffe0cac3000 	C:\WINDOWS\SYSTEM32\WINMM.dll
0x00007ffe10070000 - 0x00007ffe10079000 	C:\WINDOWS\SYSTEM32\WSOCK32.dll
0x00007ffe17610000 - 0x00007ffe1761a000 	C:\WINDOWS\SYSTEM32\VERSION.dll
0x00007ffe1c050000 - 0x00007ffe1c0c4000 	C:\WINDOWS\system32\WS2_32.dll
0x00007ffe0c9d0000 - 0x00007ffe0c9fb000 	C:\WINDOWS\SYSTEM32\WINMMBASE.dll
0x00007ffe19e40000 - 0x00007ffe19e82000 	C:\WINDOWS\system32\cfgmgr32.dll
0x0000000057be0000 - 0x0000000057bef000 	C:\Program Files\Java\jre1.8.0_45\bin\verify.dll
0x0000000057bb0000 - 0x0000000057bd9000 	C:\Program Files\Java\jre1.8.0_45\bin\java.dll
0x0000000057b90000 - 0x0000000057ba6000 	C:\Program Files\Java\jre1.8.0_45\bin\zip.dll
0x00007ffe1ab00000 - 0x00007ffe1bfb5000 	C:\WINDOWS\system32\SHELL32.dll
0x00007ffe191d0000 - 0x00007ffe1989e000 	C:\WINDOWS\system32\windows.storage.dll
0x00007ffe18ef0000 - 0x00007ffe18f3c000 	C:\WINDOWS\system32\powrprof.dll
0x00007ffe1bfc0000 - 0x00007ffe1c012000 	C:\WINDOWS\system32\shlwapi.dll
0x00007ffe18ee0000 - 0x00007ffe18eef000 	C:\WINDOWS\system32\kernel.appcore.dll
0x00007ffe19e90000 - 0x00007ffe19f3a000 	C:\WINDOWS\system32\shcore.dll
0x00007ffe18f40000 - 0x00007ffe18f54000 	C:\WINDOWS\system32\profapi.dll
0x0000000057390000 - 0x00000000573bc000 	C:\Program Files\Java\jre1.8.0_45\bin\prism_d3d.dll
0x00007ffe09010000 - 0x00007ffe0919c000 	C:\WINDOWS\system32\d3d9.dll
0x00007ffe16ec0000 - 0x00007ffe16ee5000 	C:\WINDOWS\SYSTEM32\dwmapi.dll
0x00007ffe17af0000 - 0x00007ffe17b85000 	C:\WINDOWS\system32\uxtheme.dll
0x00007ffde5d20000 - 0x00007ffde7f58000 	C:\WINDOWS\SYSTEM32\igdumdim64.dll
0x00007ffe1a6d0000 - 0x00007ffe1aafa000 	C:\WINDOWS\system32\SETUPAPI.dll
0x00007ffe1c2f0000 - 0x00007ffe1c3af000 	C:\WINDOWS\system32\OLEAUT32.dll
0x00007ffe19f40000 - 0x00007ffe1a07a000 	C:\WINDOWS\system32\ole32.dll
0x0000000057340000 - 0x0000000057381000 	C:\Program Files\Java\jre1.8.0_45\bin\glass.dll
0x00007ffe1a430000 - 0x00007ffe1a521000 	C:\WINDOWS\system32\COMDLG32.dll
0x00007ffe1a1b0000 - 0x00007ffe1a31d000 	C:\WINDOWS\system32\MSCTF.dll
0x00007ffe149f0000 - 0x00007ffe153f4000 	C:\WINDOWS\SYSTEM32\igdusc64.dll
0x0000000057320000 - 0x0000000057335000 	C:\Program Files\Java\jre1.8.0_45\bin\javafx_font.dll
0x00007ffdfcea0000 - 0x00007ffdfd0f5000 	C:\WINDOWS\SYSTEM32\dwrite.dll
0x00007ffe1c3b0000 - 0x00007ffe1c44f000 	C:\WINDOWS\system32\clbcatq.dll
0x00007ffe17780000 - 0x00007ffe17926000 	C:\WINDOWS\SYSTEM32\WindowsCodecs.dll
0x00007ffe0baf0000 - 0x00007ffe0bb39000 	C:\WINDOWS\system32\dataexchange.dll
0x00007ffe16270000 - 0x00007ffe16518000 	C:\WINDOWS\system32\d3d11.dll
0x00007ffe16920000 - 0x00007ffe16a48000 	C:\WINDOWS\system32\dcomp.dll
0x00007ffe16c80000 - 0x00007ffe16d1c000 	C:\WINDOWS\system32\dxgi.dll
0x00007ffe16110000 - 0x00007ffe1621a000 	C:\WINDOWS\system32\twinapi.appcore.dll
0x00007ffe18ad0000 - 0x00007ffe18afb000 	C:\WINDOWS\system32\bcrypt.dll
0x00007ffe17260000 - 0x00007ffe17293000 	C:\Program Files\Common Files\Microsoft Shared\Ink\rtscom.dll
0x0000000057300000 - 0x0000000057311000 	C:\Program Files\Java\jre1.8.0_45\bin\prism_common.dll
0x00007ffe117d0000 - 0x00007ffe11962000 	C:\WINDOWS\SYSTEM32\dbghelp.dll

VM Arguments:
jvm_args: -Dfile.encoding=Cp1252 
java_command: clientGUI.ClientGUI
java_class_path (initial): C:\Users\Bollen\Desktop\PROG\SlopeRacer-workspace\Slope-racer\bin;C:\Users\Bollen\Desktop\lib\jbox2d-jbox2d-2.2.1.1\jbox2d-library\target\classes;C:\Users\Bollen\Desktop\lib\jbox2d-jbox2d-2.2.1.1\jbox2d-library\target\test-classes;C:\Users\Bollen\.m2\repository\junit\junit\4.8.2\junit-4.8.2.jar;C:\Users\Bollen\Desktop\lib\jbox2d-jbox2d-2.2.1.1\jbox2d-serialization\target\classes;C:\Users\Bollen\Desktop\lib\jbox2d-jbox2d-2.2.1.1\jbox2d-serialization\target\test-classes;C:\Users\Bollen\Desktop\lib\jbox2d-jbox2d-2.2.1.1\jbox2d-testbed\target\classes;C:\Users\Bollen\Desktop\lib\jbox2d-jbox2d-2.2.1.1\jbox2d-testbed\target\test-classes;C:\Users\Bollen\Desktop\lib\jbox2d-jbox2d-2.2.1.1\jbox2d-testbed-jogl\target\classes;C:\Users\Bollen\Desktop\lib\jbox2d-jbox2d-2.2.1.1\jbox2d-testbed-jogl\target\test-classes
Launcher Type: SUN_STANDARD

Environment Variables:
PATH=C:/Program Files/Java/jre1.8.0_45/bin/server;C:/Program Files/Java/jre1.8.0_45/bin;C:/Program Files/Java/jre1.8.0_45/lib/amd64;C:\Windows\System32;C:\Program Files (x86)\Java\jre1.8.0_77\bin;C:\WINDOWS\system32;C:\WINDOWS;%localappdata%\Microsoft\WindowsApps;C:\WINDOWS\System32\Wbem;C:\WINDOWS\System32\WindowsPowerShell\v1.0\;C:\wamp64\bin\php\php7.0.0;%USERPROFILE%\AppData\Local\Microsoft\WindowsApps;;C:\Users\Bollen\eclipse\java-mars\eclipse;
USERNAME=Bollen
OS=Windows_NT
PROCESSOR_IDENTIFIER=Intel64 Family 6 Model 60 Stepping 3, GenuineIntel



---------------  S Y S T E M  ---------------

OS: Windows 10.0 , 64 bit Build 14342 (10.0.14342.1000)

CPU:total 8 (4 cores per cpu, 2 threads per core) family 6 model 60 stepping 3, cmov, cx8, fxsr, mmx, sse, sse2, sse3, ssse3, sse4.1, sse4.2, popcnt, avx, avx2, aes, clmul, erms, lzcnt, ht, tsc, tscinvbit, bmi1, bmi2

Memory: 4k page, physical 16687384k(11747732k free), swap 19702040k(14054200k free)

vm_info: Java HotSpot(TM) 64-Bit Server VM (25.45-b02) for windows-amd64 JRE (1.8.0_45-b14), built on Apr 10 2015 10:34:15 by "java_re" with MS VC++ 10.0 (VS2010)

time: Wed May 11 23:39:01 2016
elapsed time: 3 seconds (0d 0h 0m 3s)

