#
# A fatal error has been detected by the Java Runtime Environment:
#
#  EXCEPTION_ACCESS_VIOLATION (0xc0000005) at pc=0x000000006fee583a, pid=2316, tid=15312
#
# JRE version: Java(TM) SE Runtime Environment (8.0_60-b27) (build 1.8.0_60-b27)
# Java VM: Java HotSpot(TM) 64-Bit Server VM (25.60-b23 mixed mode windows-amd64 compressed oops)
# Problematic frame:
# C  [glass.dll+0x2583a]
#
# Failed to write core dump. Minidumps are not enabled by default on client versions of Windows
#
# If you would like to submit a bug report, please visit:
#   http://bugreport.java.com/bugreport/crash.jsp
#

---------------  T H R E A D  ---------------

Current thread (0x000000001b937800):  VMThread [stack: 0x000000001c9d0000,0x000000001cad0000] [id=15312]

siginfo: ExceptionCode=0xc0000005, reading address 0x0000000000000000

Registers:
RAX=0x0000000000000000, RBX=0x000000001d6a6b30, RCX=0x000000001b937800, RDX=0x000000001d6a6b30
RSP=0x000000001cacf000, RBP=0x00000000004d9720, RSI=0x0000000000000001, RDI=0x0000000000000000
R8 =0x0000000000010002, R9 =0x00000000004d9720, R10=0x0000000000000000, R11=0x0000000000000246
R12=0x00000000004d9750, R13=0x00000000004d9720, R14=0x00000000004d9730, R15=0x0000000000000000
RIP=0x000000006fee583a, EFLAGS=0x0000000000010202

Top of Stack: (sp=0x000000001cacf000)
0x000000001cacf000:   0000000000000000 000000006fee58f0
0x000000001cacf010:   0000000000000000 00000000004d9720
0x000000001cacf020:   000000006fee5820 000000006fee3214
0x000000001cacf030:   000000006fef91b0 00007ffd176a634d
0x000000001cacf040:   0000000000000001 0000000000000001
0x000000001cacf050:   0000000000000000 000000006fec0000
0x000000001cacf060:   0000000000000000 000000006fee3496
0x000000001cacf070:   0000000000000001 00000000022bfa90
0x000000001cacf080:   0000000000000000 000000006fee3374
0x000000001cacf090:   c000000500000001 000000001cace180
0x000000001cacf0a0:   0000000000000001 00007ffd0f2a52c8
0x000000001cacf0b0:   0000000000000000 000000006fee3374
0x000000001cacf0c0:   000000006fec0000 00000000004c98b0
0x000000001cacf0d0:   0000791b046282c1 0000000000226000
0x000000001cacf0e0:   0000000000000000 00007ffd0f3d6080
0x000000001cacf0f0:   00007ffd0f3d6080 0000000000239000 

Instructions: (pc=0x000000006fee583a)
0x000000006fee581a:   83 c4 20 5d c3 cc 40 53 48 83 ec 20 48 8b 1d db
0x000000006fee582a:   5b 01 00 48 85 db 74 1a e8 29 93 ff ff 48 8b d3
0x000000006fee583a:   4c 8b 00 48 8b c8 48 83 c4 20 5b 49 ff a0 b0 00
0x000000006fee584a:   00 00 48 83 c4 20 5b c3 cc cc cc cc cc cc cc cc 


Register to memory mapping:

RAX=0x0000000000000000 is an unknown value
RBX=0x000000001d6a6b30 is a global jni handle
RCX=0x000000001b937800 is an unknown value
RDX=0x000000001d6a6b30 is a global jni handle
RSP=0x000000001cacf000 is an unknown value
RBP=0x00000000004d9720 is an unknown value
RSI=0x0000000000000001 is an unknown value
RDI=0x0000000000000000 is an unknown value
R8 =0x0000000000010002 is an unknown value
R9 =0x00000000004d9720 is an unknown value
R10=0x0000000000000000 is an unknown value
R11=0x0000000000000246 is an unknown value
R12=0x00000000004d9750 is an unknown value
R13=0x00000000004d9720 is an unknown value
R14=0x00000000004d9730 is an unknown value
R15=0x0000000000000000 is an unknown value


Stack: [0x000000001c9d0000,0x000000001cad0000],  sp=0x000000001cacf000,  free space=1020k
Native frames: (J=compiled Java code, j=interpreted, Vv=VM code, C=native code)
C  [glass.dll+0x2583a]
C  [glass.dll+0x23214]
C  [glass.dll+0x23496]
C  [ntdll.dll+0x152c8]
C  [ntdll.dll+0x5b2ea]
C  [ntdll.dll+0x5b17a]
C  [KERNEL32.DLL+0x24d8a]
C  [msvcr100.dll+0x20ccd]
V  [jvm.dll+0x210a25]
V  [jvm.dll+0x249747]
V  [jvm.dll+0x2489e6]
V  [jvm.dll+0x248e81]
V  [jvm.dll+0x24909e]
V  [jvm.dll+0x299f6a]
C  [msvcr100.dll+0x21d9f]
C  [msvcr100.dll+0x21e3b]
C  [KERNEL32.DLL+0x18102]
C  [ntdll.dll+0x5c5b4]

VM_Operation (0x000000001eafac70): Exit, mode: safepoint, requested by thread 0x000000001d674000


---------------  P R O C E S S  ---------------

Java Threads: ( => current thread )
  0x000000001dcac000 JavaThread "AWT-Shutdown" [_thread_blocked, id=9156, stack(0x000000002ad10000,0x000000002ae10000)]
  0x000000001da7c000 JavaThread "Prism Font Disposer" daemon [_thread_blocked, id=11284, stack(0x00000000251b0000,0x00000000252b0000)]
  0x000000001d952800 JavaThread "Java2D Disposer" daemon [_thread_blocked, id=14316, stack(0x00000000232b0000,0x00000000233b0000)]
  0x000000001d6ae000 JavaThread "Thread-3" daemon [_thread_in_native, id=8748, stack(0x0000000022b50000,0x0000000022c50000)]
  0x000000001d91c000 JavaThread "JavaFX-Launcher" [_thread_blocked, id=11276, stack(0x00000000230d0000,0x00000000231d0000)]
  0x000000001d674000 JavaThread "JavaFX Application Thread" [_thread_blocked, id=7520, stack(0x000000001ea00000,0x000000001eb00000)]
  0x000000001d8c6800 JavaThread "Thread-1" daemon [_thread_blocked, id=11116, stack(0x000000001e900000,0x000000001ea00000)]
  0x000000001d2cd800 JavaThread "Service Thread" daemon [_thread_blocked, id=16520, stack(0x000000001d6b0000,0x000000001d7b0000)]
  0x000000001b976800 JavaThread "C1 CompilerThread2" daemon [_thread_blocked, id=14828, stack(0x000000001d1b0000,0x000000001d2b0000)]
  0x000000001b973000 JavaThread "C2 CompilerThread1" daemon [_thread_blocked, id=15392, stack(0x000000001d0b0000,0x000000001d1b0000)]
  0x000000001b96d800 JavaThread "C2 CompilerThread0" daemon [_thread_blocked, id=4032, stack(0x000000001cfb0000,0x000000001d0b0000)]
  0x000000001b96b800 JavaThread "Attach Listener" daemon [_thread_blocked, id=9056, stack(0x000000001ceb0000,0x000000001cfb0000)]
  0x000000001b96a800 JavaThread "Signal Dispatcher" daemon [_thread_blocked, id=4952, stack(0x000000001cdb0000,0x000000001ceb0000)]
  0x0000000002316000 JavaThread "Finalizer" daemon [_thread_blocked, id=8864, stack(0x000000001cbd0000,0x000000001ccd0000)]
  0x000000000230d000 JavaThread "Reference Handler" daemon [_thread_blocked, id=6504, stack(0x000000001cad0000,0x000000001cbd0000)]
  0x0000000002220800 JavaThread "main" [_thread_blocked, id=14104, stack(0x0000000002120000,0x0000000002220000)]

Other Threads:
=>0x000000001b937800 VMThread [stack: 0x000000001c9d0000,0x000000001cad0000] [id=15312]

VM state:at safepoint (shutting down)

VM Mutex/Monitor currently owned by a thread:  ([mutex/lock_event])
[0x000000000201c500] Threads_lock - owner thread: 0x000000001b937800

Heap:
 PSYoungGen      total 76288K, used 43724K [0x000000076af80000, 0x0000000770480000, 0x00000007c0000000)
  eden space 65536K, 66% used [0x000000076af80000,0x000000076da33040,0x000000076ef80000)
  from space 10752K, 0% used [0x000000076fa00000,0x000000076fa00000,0x0000000770480000)
  to   space 10752K, 0% used [0x000000076ef80000,0x000000076ef80000,0x000000076fa00000)
 ParOldGen       total 175104K, used 0K [0x00000006c0e00000, 0x00000006cb900000, 0x000000076af80000)
  object space 175104K, 0% used [0x00000006c0e00000,0x00000006c0e00000,0x00000006cb900000)
 Metaspace       used 14966K, capacity 15750K, committed 16000K, reserved 1062912K
  class space    used 2233K, capacity 2400K, committed 2432K, reserved 1048576K

Card table byte_map: [0x00000000116e0000,0x0000000011ee0000] byte_map_base: 0x000000000e0d9000

Marking Bits: (ParMarkBitMap*) 0x00000000708fa5b0
 Begin Bits: [0x0000000012840000, 0x0000000016808000)
 End Bits:   [0x0000000016808000, 0x000000001a7d0000)

Polling page: 0x0000000000440000

CodeCache: size=245760Kb used=4663Kb max_used=4663Kb free=241096Kb
 bounds [0x0000000002320000, 0x00000000027c0000, 0x0000000011320000]
 total_blobs=2131 nmethods=1472 adapters=571
 compilation: enabled

Compilation events (10 events):
Event: 2.786 Thread 0x000000001b976800 1468       3       javafx.scene.Node::impl_reapplyCSS (75 bytes)
Event: 2.786 Thread 0x000000001b976800 nmethod 1468 0x00000000027ab710 code [0x00000000027ab960, 0x00000000027acb08]
Event: 2.786 Thread 0x000000001b976800 1469       3       javafx.scene.Node::isManaged (19 bytes)
Event: 2.786 Thread 0x000000001b976800 nmethod 1469 0x00000000027a7190 code [0x00000000027a7300, 0x00000000027a76c8]
Event: 2.786 Thread 0x000000001b976800 1470       3       java.lang.invoke.DirectMethodHandle::preparedLambdaForm (242 bytes)
Event: 2.787 Thread 0x000000001b976800 nmethod 1470 0x00000000027acf50 code [0x00000000027ad1c0, 0x00000000027ae218]
Event: 2.787 Thread 0x000000001b976800 1471       3       java.lang.invoke.DirectMethodHandle::<init> (132 bytes)
Event: 2.788 Thread 0x000000001b976800 nmethod 1471 0x00000000027ae850 code [0x00000000027aeb00, 0x00000000027b0318]
Event: 2.788 Thread 0x000000001b976800 1472       1       java.util.concurrent.atomic.AtomicInteger::get (5 bytes)
Event: 2.788 Thread 0x000000001b976800 nmethod 1472 0x00000000027a6ed0 code [0x00000000027a7020, 0x00000000027a7130]

GC Heap History (0 events):
No events

Deoptimization events (10 events):
Event: 0.548 Thread 0x000000001d674000 Uncommon trap: reason=class_check action=maybe_recompile pc=0x000000000243de54 method=java.lang.String.equals(Ljava/lang/Object;)Z @ 8
Event: 0.580 Thread 0x000000001d674000 Uncommon trap: reason=bimorphic action=maybe_recompile pc=0x00000000026e141c method=com.sun.javafx.css.SimpleSelector.applies(Ljavafx/css/Styleable;)Z @ 95
Event: 0.592 Thread 0x000000001d674000 Uncommon trap: reason=array_check action=maybe_recompile pc=0x00000000026dc798 method=com.sun.javafx.css.SimpleSelector.applies(Ljavafx/css/Styleable;[Ljava/util/Set;I)Z @ 37
Event: 0.592 Thread 0x000000001d674000 Uncommon trap: reason=array_check action=maybe_recompile pc=0x00000000026dc798 method=com.sun.javafx.css.SimpleSelector.applies(Ljavafx/css/Styleable;[Ljava/util/Set;I)Z @ 37
Event: 0.592 Thread 0x000000001d674000 Uncommon trap: reason=array_check action=maybe_recompile pc=0x00000000026dc798 method=com.sun.javafx.css.SimpleSelector.applies(Ljavafx/css/Styleable;[Ljava/util/Set;I)Z @ 37
Event: 0.592 Thread 0x000000001d674000 Uncommon trap: reason=array_check action=maybe_recompile pc=0x00000000026dc798 method=com.sun.javafx.css.SimpleSelector.applies(Ljavafx/css/Styleable;[Ljava/util/Set;I)Z @ 37
Event: 0.592 Thread 0x000000001d674000 Uncommon trap: reason=bimorphic action=maybe_recompile pc=0x00000000026e141c method=com.sun.javafx.css.SimpleSelector.applies(Ljavafx/css/Styleable;)Z @ 95
Event: 0.596 Thread 0x000000001d674000 Uncommon trap: reason=bimorphic action=maybe_recompile pc=0x00000000026e141c method=com.sun.javafx.css.SimpleSelector.applies(Ljavafx/css/Styleable;)Z @ 95
Event: 0.597 Thread 0x000000001d674000 Uncommon trap: reason=bimorphic action=maybe_recompile pc=0x00000000026e141c method=com.sun.javafx.css.SimpleSelector.applies(Ljavafx/css/Styleable;)Z @ 95
Event: 0.608 Thread 0x000000001d674000 Uncommon trap: reason=unstable_if action=reinterpret pc=0x00000000026d6e78 method=jdk.internal.org.objectweb.asm.Type.getArgumentsAndReturnSizes(Ljava/lang/String;)I @ 47

Internal exceptions (10 events):
Event: 0.098 Thread 0x0000000002220800 Exception <a 'java/lang/NullPointerException'> (0x000000076b4207e0) thrown at [C:\re\workspace\8-2-build-windows-amd64-cygwin\jdk8u60\4407\hotspot\src\share\vm\interpreter\linkResolver.cpp, line 1178]
Event: 0.247 Thread 0x000000001d674000 Exception <a 'java/lang/NullPointerException'> (0x000000076c048538) thrown at [C:\re\workspace\8-2-build-windows-amd64-cygwin\jdk8u60\4407\hotspot\src\share\vm\interpreter\linkResolver.cpp, line 1178]
Event: 0.247 Thread 0x000000001d674000 Exception <a 'java/lang/NullPointerException'> (0x000000076c048538) thrown at [C:\re\workspace\8-2-build-windows-amd64-cygwin\jdk8u60\4407\hotspot\src\share\vm\prims\jvm.cpp, line 1390]
Event: 0.256 Thread 0x000000001d674000 Exception <a 'java/io/FileNotFoundException'> (0x000000076c07d980) thrown at [C:\re\workspace\8-2-build-windows-amd64-cygwin\jdk8u60\4407\hotspot\src\share\vm\prims\jni.cpp, line 709]
Event: 0.352 Thread 0x000000001d674000 Implicit null exception at 0x00000000025a0bb5 to 0x00000000025a0dad
Event: 0.503 Thread 0x000000001d674000 Exception <a 'java/io/FileNotFoundException'> (0x000000076cc0c458) thrown at [C:\re\workspace\8-2-build-windows-amd64-cygwin\jdk8u60\4407\hotspot\src\share\vm\prims\jni.cpp, line 709]
Event: 0.503 Thread 0x000000001d674000 Exception <a 'java/io/FileNotFoundException'> (0x000000076cc0d788) thrown at [C:\re\workspace\8-2-build-windows-amd64-cygwin\jdk8u60\4407\hotspot\src\share\vm\prims\jni.cpp, line 709]
Event: 0.503 Thread 0x000000001d674000 Exception <a 'java/io/FileNotFoundException'> (0x000000076cc0ea50) thrown at [C:\re\workspace\8-2-build-windows-amd64-cygwin\jdk8u60\4407\hotspot\src\share\vm\prims\jni.cpp, line 709]
Event: 0.507 Thread 0x000000001d674000 Exception <a 'java/io/FileNotFoundException'> (0x000000076cc23368) thrown at [C:\re\workspace\8-2-build-windows-amd64-cygwin\jdk8u60\4407\hotspot\src\share\vm\prims\jni.cpp, line 709]
Event: 2.788 Thread 0x000000001dca1000 Exception <a 'java/lang/IllegalStateException'> (0x000000076d8f1938) thrown at [C:\re\workspace\8-2-build-windows-amd64-cygwin\jdk8u60\4407\hotspot\src\share\vm\prims\jvm.cpp, line 1390]

Events (10 events):
Event: 2.788 loading class java/util/LinkedList$ListItr
Event: 2.788 loading class com/sun/javafx/tk/quantum/QuantumToolkit
Event: 2.788 loading class com/sun/javafx/tk/quantum/QuantumToolkit done
Event: 2.788 loading class java/util/LinkedList$ListItr done
Event: 2.788 loading class com/sun/prism/ResourceFactoryListener
Event: 2.788 loading class com/sun/prism/ResourceFactoryListener done
Event: 2.788 Thread 0x000000001dca1000 Thread exited: 0x000000001dca1000
Event: 2.797 Thread 0x000000001d65d000 Thread exited: 0x000000001d65d000
Event: 2.887 Thread 0x000000001dca0000 Thread exited: 0x000000001dca0000
Event: 2.887 Executing VM operation: Exit


Dynamic libraries:
0x00007ff788590000 - 0x00007ff7885c7000 	C:\Program Files\Java\jre1.8.0_60\bin\javaw.exe
0x00007ffd0f290000 - 0x00007ffd0f451000 	C:\WINDOWS\SYSTEM32\ntdll.dll
0x00007ffd0ee10000 - 0x00007ffd0eebd000 	C:\WINDOWS\system32\KERNEL32.DLL
0x00007ffd0bb20000 - 0x00007ffd0bd08000 	C:\WINDOWS\system32\KERNELBASE.dll
0x00007ffd0e770000 - 0x00007ffd0e817000 	C:\WINDOWS\system32\ADVAPI32.dll
0x00007ffd0ed70000 - 0x00007ffd0ee0d000 	C:\WINDOWS\system32\msvcrt.dll
0x00007ffd0eee0000 - 0x00007ffd0ef3b000 	C:\WINDOWS\system32\sechost.dll
0x00007ffd0cac0000 - 0x00007ffd0cbdc000 	C:\WINDOWS\system32\RPCRT4.dll
0x00007ffd0ef50000 - 0x00007ffd0f0a6000 	C:\WINDOWS\system32\USER32.dll
0x00007ffd0ebe0000 - 0x00007ffd0ed66000 	C:\WINDOWS\system32\GDI32.dll
0x00007ffd07d30000 - 0x00007ffd07fa4000 	C:\WINDOWS\WinSxS\amd64_microsoft.windows.common-controls_6595b64144ccf1df_6.0.10586.0_none_8c15ae12515e1c22\COMCTL32.dll
0x00007ffd0ccb0000 - 0x00007ffd0cf2d000 	C:\WINDOWS\system32\combase.dll
0x00007ffd0bab0000 - 0x00007ffd0bb1a000 	C:\WINDOWS\system32\bcryptPrimitives.dll
0x00007ffd0e880000 - 0x00007ffd0e8bb000 	C:\WINDOWS\system32\IMM32.DLL
0x000000006ff40000 - 0x0000000070012000 	C:\Program Files\Java\jre1.8.0_60\bin\msvcr100.dll
0x00000000700f0000 - 0x0000000070979000 	C:\Program Files\Java\jre1.8.0_60\bin\server\jvm.dll
0x00007ffd0f110000 - 0x00007ffd0f118000 	C:\WINDOWS\system32\PSAPI.DLL
0x00007ffd08750000 - 0x00007ffd08759000 	C:\WINDOWS\SYSTEM32\WSOCK32.dll
0x00007ffd09bf0000 - 0x00007ffd09c13000 	C:\WINDOWS\SYSTEM32\WINMM.dll
0x00007ffd0e8c0000 - 0x00007ffd0e92b000 	C:\WINDOWS\system32\WS2_32.dll
0x00007ffd07fb0000 - 0x00007ffd07fba000 	C:\WINDOWS\SYSTEM32\VERSION.dll
0x00007ffd09ad0000 - 0x00007ffd09afc000 	C:\WINDOWS\SYSTEM32\WINMMBASE.dll
0x00007ffd0c640000 - 0x00007ffd0c683000 	C:\WINDOWS\system32\cfgmgr32.dll
0x00000000700e0000 - 0x00000000700ef000 	C:\Program Files\Java\jre1.8.0_60\bin\verify.dll
0x00000000700b0000 - 0x00000000700d9000 	C:\Program Files\Java\jre1.8.0_60\bin\java.dll
0x0000000070090000 - 0x00000000700a6000 	C:\Program Files\Java\jre1.8.0_60\bin\zip.dll
0x00007ffd0cfa0000 - 0x00007ffd0e4fc000 	C:\WINDOWS\system32\SHELL32.dll
0x00007ffd0bee0000 - 0x00007ffd0c525000 	C:\WINDOWS\system32\windows.storage.dll
0x00007ffd0f0b0000 - 0x00007ffd0f102000 	C:\WINDOWS\system32\shlwapi.dll
0x00007ffd0b8e0000 - 0x00007ffd0b8ef000 	C:\WINDOWS\system32\kernel.appcore.dll
0x00007ffd0b940000 - 0x00007ffd0b9f5000 	C:\WINDOWS\system32\shcore.dll
0x00007ffd0b8f0000 - 0x00007ffd0b93b000 	C:\WINDOWS\system32\powrprof.dll
0x00007ffd0b8c0000 - 0x00007ffd0b8d4000 	C:\WINDOWS\system32\profapi.dll
0x00007ffcf5090000 - 0x00007ffcf517f000 	C:\Program Files\Java\jre1.8.0_60\bin\msvcr120.dll
0x00007ffcf7cc0000 - 0x00007ffcf7d66000 	C:\Program Files\Java\jre1.8.0_60\bin\msvcp120.dll
0x000000006ff10000 - 0x000000006ff33000 	C:\Program Files\Java\jre1.8.0_60\bin\prism_d3d.dll
0x00007ffcfbc50000 - 0x00007ffcfbe60000 	C:\WINDOWS\system32\d3d9.dll
0x00007ffd095a0000 - 0x00007ffd095c2000 	C:\WINDOWS\SYSTEM32\dwmapi.dll
0x00007ffd0a230000 - 0x00007ffd0a2c6000 	C:\WINDOWS\system32\uxtheme.dll
0x00007ffd02d70000 - 0x00007ffd02f27000 	C:\WINDOWS\system32\nvspcap64.dll
0x00007ffd0ea90000 - 0x00007ffd0ebd3000 	C:\WINDOWS\system32\ole32.dll
0x00007ffd0cbe0000 - 0x00007ffd0cca1000 	C:\WINDOWS\system32\OLEAUT32.dll
0x00007ffd0c690000 - 0x00007ffd0cab9000 	C:\WINDOWS\system32\SETUPAPI.dll
0x00007ffd02ca0000 - 0x00007ffd02d68000 	C:\WINDOWS\SYSTEM32\WINHTTP.dll
0x00007ffd075d0000 - 0x00007ffd07961000 	C:\WINDOWS\system32\nvapi64.dll
0x00007ffd08d90000 - 0x00007ffd08e33000 	C:\WINDOWS\SYSTEM32\dxgi.dll
0x00007ffd0b5c0000 - 0x00007ffd0b5ed000 	C:\WINDOWS\SYSTEM32\SspiCli.dll
0x000000006fec0000 - 0x000000006ff03000 	C:\Program Files\Java\jre1.8.0_60\bin\glass.dll
0x00007ffd0f180000 - 0x00007ffd0f28b000 	C:\WINDOWS\system32\COMDLG32.dll
0x00007ffd0ba00000 - 0x00007ffd0ba86000 	C:\WINDOWS\system32\FirewallAPI.dll
0x00007ffd0ba90000 - 0x00007ffd0baa7000 	C:\WINDOWS\system32\NETAPI32.dll
0x00007ffd09d80000 - 0x00007ffd09d8c000 	C:\WINDOWS\SYSTEM32\DAVHLPR.DLL
0x00007ffd0a630000 - 0x00007ffd0a662000 	C:\WINDOWS\SYSTEM32\fwbase.dll
0x00007ffd0e930000 - 0x00007ffd0ea8a000 	C:\WINDOWS\system32\MSCTF.dll
0x00007ffd058a0000 - 0x00007ffd05980000 	C:\Program Files (x86)\NVIDIA Corporation\3D Vision\nvSCPAPI64.dll
0x000000006fd20000 - 0x000000006feb8000 	C:\Program Files\Java\jre1.8.0_60\bin\awt.dll
0x00007ffd0a0a0000 - 0x00007ffd0a119000 	C:\WINDOWS\system32\apphelp.dll
0x000000006fd00000 - 0x000000006fd14000 	C:\Program Files\Java\jre1.8.0_60\bin\javafx_font.dll
0x00007ffd03ce0000 - 0x00007ffd03f40000 	C:\WINDOWS\SYSTEM32\dwrite.dll
0x00007ffd0e500000 - 0x00007ffd0e5a7000 	C:\WINDOWS\system32\clbcatq.dll
0x00007ffd06e30000 - 0x00007ffd06fe1000 	C:\WINDOWS\SYSTEM32\WindowsCodecs.dll
0x00007ffd01e20000 - 0x00007ffd01e6a000 	C:\WINDOWS\system32\dataexchange.dll
0x00007ffd09c20000 - 0x00007ffd09d03000 	C:\WINDOWS\system32\dcomp.dll
0x00007ffd08e40000 - 0x00007ffd090e8000 	C:\WINDOWS\system32\d3d11.dll
0x00007ffd0a3d0000 - 0x00007ffd0a4d0000 	C:\WINDOWS\system32\twinapi.appcore.dll
0x00007ffd0b4b0000 - 0x00007ffd0b4d9000 	C:\WINDOWS\system32\bcrypt.dll
0x00007ffd03750000 - 0x00007ffd03784000 	C:\Program Files\Common Files\Microsoft Shared\Ink\rtscom.dll
0x000000006fce0000 - 0x000000006fcf1000 	C:\Program Files\Java\jre1.8.0_60\bin\prism_common.dll
0x00007ffd04e60000 - 0x00007ffd053a5000 	C:\WINDOWS\SYSTEM32\d2d1.dll
0x00007ffcee650000 - 0x00007ffcee8bf000 	C:\WINDOWS\SYSTEM32\D3D10Warp.dll
0x00007ffcfcca0000 - 0x00007ffcfce2c000 	C:\WINDOWS\SYSTEM32\dbghelp.dll

VM Arguments:
jvm_args: -Dfile.encoding=Cp1252 
java_command: clientGUI.ClientGUI
java_class_path (initial): C:\Users\James\Documents\GitHub\sloperacer\lib\jbox2d-jbox2d-2.2.1.1\jbox2d-library\target\classes;C:\Users\James\Documents\GitHub\libraries\jbox2d-jbox2d-2.2.1.1\jbox2d-library\target\classes;C:\Users\James\Documents\GitHub\libraries\jbox2d-jbox2d-2.2.1.1\jbox2d-library\target\test-classes;C:\Users\James\.m2\repository\junit\junit\4.8.2\junit-4.8.2.jar
Launcher Type: SUN_STANDARD

Environment Variables:
JAVA_HOME=C:\Program Files\Java\jdk1.8.0_60
PATH=C:/Program Files/Java/jre1.8.0_60/bin/server;C:/Program Files/Java/jre1.8.0_60/bin;C:/Program Files/Java/jre1.8.0_60/lib/amd64;C:\ProgramData\Oracle\Java\javapath;C:\windows\system32;C:\windows;C:\windows\System32\Wbem;C:\windows\System32\WindowsPowerShell\v1.0\;C:\Program Files (x86)\Windows Live\Shared;C:\Program Files (x86)\NVIDIA Corporation\PhysX\Common;C:\WINDOWS\system32;C:\WINDOWS;C:\WINDOWS\System32\Wbem;C:\WINDOWS\System32\WindowsPowerShell\v1.0\;C:\Program Files\Git\cmd;C:\Program Files (x86)\Skype\Phone\;D:\Program Files\QuickTime\QTSystem\;C:\wamp\www\phproot;C:\wamp\bin\php\php5.5.12;C:\Users\James\Eclipse\eclipse;
USERNAME=James
OS=Windows_NT
PROCESSOR_IDENTIFIER=Intel64 Family 6 Model 60 Stepping 3, GenuineIntel



---------------  S Y S T E M  ---------------

OS: Windows 10.0 , 64 bit Build 10586 (10.0.10586.0)

CPU:total 4 (4 cores per cpu, 1 threads per core) family 6 model 60 stepping 3, cmov, cx8, fxsr, mmx, sse, sse2, sse3, ssse3, sse4.1, sse4.2, popcnt, avx, avx2, aes, clmul, erms, lzcnt, tsc, tscinvbit, bmi1, bmi2

Memory: 4k page, physical 16713500k(11728112k free), swap 19203868k(12346572k free)

vm_info: Java HotSpot(TM) 64-Bit Server VM (25.60-b23) for windows-amd64 JRE (1.8.0_60-b27), built on Aug  4 2015 11:06:27 by "java_re" with MS VC++ 10.0 (VS2010)

time: Sat May 14 00:18:32 2016
elapsed time: 3 seconds (0d 0h 0m 3s)

