#
# A fatal error has been detected by the Java Runtime Environment:
#
#  EXCEPTION_ACCESS_VIOLATION (0xc0000005) at pc=0x0000000057363bba, pid=10880, tid=1928
#
# JRE version: Java(TM) SE Runtime Environment (8.0_45-b14) (build 1.8.0_45-b14)
# Java VM: Java HotSpot(TM) 64-Bit Server VM (25.45-b02 mixed mode windows-amd64 compressed oops)
# Problematic frame:
# C  [glass.dll+0x23bba]
#
# Failed to write core dump. Minidumps are not enabled by default on client versions of Windows
#
# If you would like to submit a bug report, please visit:
#   http://bugreport.java.com/bugreport/crash.jsp
#

---------------  T H R E A D  ---------------

Current thread (0x000000001c5f9800):  VMThread [stack: 0x000000001e2d0000,0x000000001e3d0000] [id=1928]

siginfo: ExceptionCode=0xc0000005, reading address 0x0000000000000000

Registers:
RAX=0x0000000000000000, RBX=0x0000000002b40df8, RCX=0x000000001c5f9800, RDX=0x0000000002b40df8
RSP=0x000000001e3cf460, RBP=0x000000001e69ed70, RSI=0x0000000000000001, RDI=0x0000000000000000
R8 =0x0000000000010002, R9 =0x000000001e69ed70, R10=0x0000000000000000, R11=0x0000000000000246
R12=0x000000001e69ed60, R13=0x0000000000000000, R14=0x000000001e69ed90, R15=0x000000001e69ed60
RIP=0x0000000057363bba, EFLAGS=0x0000000000010202

Top of Stack: (sp=0x000000001e3cf460)
0x000000001e3cf460:   0000000000000000 0000000057363cf0
0x000000001e3cf470:   0000000000000000 000000001e69ed88
0x000000001e3cf480:   0000000057363ba0 0000000057361483
0x000000001e3cf490:   0000000057378ca8 00007ffe4badad6c
0x000000001e3cf4a0:   0000000000000001 000000001c485400
0x000000001e3cf4b0:   0000000057361724 0000000057361724
0x000000001e3cf4c0:   00007ffe1ca8f150 00000000573616cd
0x000000001e3cf4d0:   0000000000000001 000000001c485400
0x000000001e3cf4e0:   0000000000000000 0000000057340000
0x000000001e3cf4f0:   c000000500000001 000000001e3ce5d0
0x000000001e3cf500:   0000000000000000 00007ffe1c950f57
0x000000001e3cf510:   0000000000000000 0000000000000001
0x000000001e3cf520:   0000000057340000 0000000000000000
0x000000001e3cf530:   00004ea8e80b87f7 0000000000dc9fe0
0x000000001e3cf540:   00007ffe1a1f8700 0000000000d61600
0x000000001e3cf550:   0000000000d61600 0000000000dcca90 

Instructions: (pc=0x0000000057363bba)
0x0000000057363b9a:   ff ff cc cc cc cc 40 53 48 83 ec 20 48 8b 1d 93
0x0000000057363baa:   58 01 00 48 85 db 74 15 e8 99 96 ff ff 48 8b d3
0x0000000057363bba:   4c 8b 00 48 8b c8 41 ff 90 b0 00 00 00 48 83 c4
0x0000000057363bca:   20 5b c3 cc cc cc 40 53 48 83 ec 20 48 8b 1d 0b 


Register to memory mapping:

RAX=0x0000000000000000 is an unknown value
RBX=0x0000000002b40df8 is a global jni handle
RCX=0x000000001c5f9800 is an unknown value
RDX=0x0000000002b40df8 is a global jni handle
RSP=0x000000001e3cf460 is an unknown value
RBP=0x000000001e69ed70 is an unknown value
RSI=0x0000000000000001 is an unknown value
RDI=0x0000000000000000 is an unknown value
R8 =0x0000000000010002 is an unknown value
R9 =0x000000001e69ed70 is an unknown value
R10=0x0000000000000000 is an unknown value
R11=0x0000000000000246 is an unknown value
R12=0x000000001e69ed60 is an unknown value
R13=0x0000000000000000 is an unknown value
R14=0x000000001e69ed90 is an unknown value
R15=0x000000001e69ed60 is an unknown value


Stack: [0x000000001e2d0000,0x000000001e3d0000],  sp=0x000000001e3cf460,  free space=1021k
Native frames: (J=compiled Java code, j=interpreted, Vv=VM code, C=native code)
C  [glass.dll+0x23bba]
C  [glass.dll+0x21483]
C  [glass.dll+0x216cd]
C  [ntdll.dll+0x10f57]
C  [ntdll.dll+0x7457b]
C  [ntdll.dll+0x7440a]
C  [KERNEL32.DLL+0x1c52a]
C  [msvcr100.dll+0x20ccd]
V  [jvm.dll+0x20f135]
V  [jvm.dll+0x247ef7]
V  [jvm.dll+0x247196]
V  [jvm.dll+0x247631]
V  [jvm.dll+0x24784e]
V  [jvm.dll+0x29853a]
C  [msvcr100.dll+0x21d9f]
C  [msvcr100.dll+0x21e3b]
C  [KERNEL32.DLL+0xfe64]
C  [ntdll.dll+0x61f51]

VM_Operation (0x000000002079a8e0): Exit, mode: safepoint, requested by thread 0x000000001e9aa800


---------------  P R O C E S S  ---------------

Java Threads: ( => current thread )
  0x000000001f951800 JavaThread "Prism Font Disposer" daemon [_thread_blocked, id=5276, stack(0x000000002d840000,0x000000002d940000)]
  0x000000001f37b000 JavaThread "Thread-3" daemon [_thread_in_native, id=5568, stack(0x0000000026d10000,0x0000000026e10000)]
  0x000000001f346000 JavaThread "JavaFX-Launcher" [_thread_blocked, id=3220, stack(0x0000000026e10000,0x0000000026f10000)]
  0x000000001e9aa800 JavaThread "JavaFX Application Thread" [_thread_blocked, id=4892, stack(0x00000000206a0000,0x00000000207a0000)]
  0x000000001e9a9000 JavaThread "Thread-1" daemon [_thread_blocked, id=4520, stack(0x000000001fb10000,0x000000001fc10000)]
  0x000000001e964000 JavaThread "QuantumRenderer-0" daemon [_thread_blocked, id=9180, stack(0x000000001f1d0000,0x000000001f2d0000)]
  0x000000001e6a0800 JavaThread "Service Thread" daemon [_thread_blocked, id=7704, stack(0x000000001efd0000,0x000000001f0d0000)]
  0x000000001e617800 JavaThread "C1 CompilerThread3" daemon [_thread_blocked, id=6668, stack(0x000000001eed0000,0x000000001efd0000)]
  0x000000001e606800 JavaThread "C2 CompilerThread2" daemon [_thread_blocked, id=6096, stack(0x000000001edd0000,0x000000001eed0000)]
  0x000000001e5fd800 JavaThread "C2 CompilerThread1" daemon [_thread_blocked, id=10384, stack(0x000000001ecd0000,0x000000001edd0000)]
  0x000000001e5f7000 JavaThread "C2 CompilerThread0" daemon [_thread_blocked, id=4340, stack(0x000000001ebd0000,0x000000001ecd0000)]
  0x000000001e5f6000 JavaThread "Attach Listener" daemon [_thread_blocked, id=5492, stack(0x000000001ead0000,0x000000001ebd0000)]
  0x000000001e5f5000 JavaThread "Signal Dispatcher" daemon [_thread_blocked, id=4076, stack(0x000000001e9d0000,0x000000001ead0000)]
  0x0000000002b4a000 JavaThread "Finalizer" daemon [_thread_blocked, id=7280, stack(0x000000001e4d0000,0x000000001e5d0000)]
  0x0000000002b43000 JavaThread "Reference Handler" daemon [_thread_blocked, id=5432, stack(0x000000001e3d0000,0x000000001e4d0000)]
  0x0000000002a50800 JavaThread "main" [_thread_blocked, id=9956, stack(0x0000000002900000,0x0000000002a00000)]

Other Threads:
=>0x000000001c5f9800 VMThread [stack: 0x000000001e2d0000,0x000000001e3d0000] [id=1928]

VM state:at safepoint (shutting down)

VM Mutex/Monitor currently owned by a thread:  ([mutex/lock_event])
[0x0000000000d6c860] Threads_lock - owner thread: 0x000000001c5f9800

Heap:
 PSYoungGen      total 76288K, used 36208K [0x000000076b180000, 0x0000000770680000, 0x00000007c0000000)
  eden space 65536K, 55% used [0x000000076b180000,0x000000076d4dc300,0x000000076f180000)
  from space 10752K, 0% used [0x000000076fc00000,0x000000076fc00000,0x0000000770680000)
  to   space 10752K, 0% used [0x000000076f180000,0x000000076f180000,0x000000076fc00000)
 ParOldGen       total 175104K, used 0K [0x00000006c1400000, 0x00000006cbf00000, 0x000000076b180000)
  object space 175104K, 0% used [0x00000006c1400000,0x00000006c1400000,0x00000006cbf00000)
 Metaspace       used 13666K, capacity 14340K, committed 14592K, reserved 1060864K
  class space    used 2061K, capacity 2218K, committed 2304K, reserved 1048576K

Card table byte_map: [0x0000000011f10000,0x0000000012710000] byte_map_base: 0x000000000e906000

Marking Bits: (ParMarkBitMap*) 0x00000000570f4040
 Begin Bits: [0x0000000013460000, 0x0000000017410000)
 End Bits:   [0x0000000017410000, 0x000000001b3c0000)

Polling page: 0x0000000000d50000

CodeCache: size=245760Kb used=4686Kb max_used=4686Kb free=241073Kb
 bounds [0x0000000002b50000, 0x0000000002ff0000, 0x0000000011b50000]
 total_blobs=2044 nmethods=1425 adapters=531
 compilation: enabled

Compilation events (10 events):
Event: 25.530 Thread 0x000000001e617800 nmethod 1420 0x0000000002fe2110 code [0x0000000002fe2280, 0x0000000002fe2548]
Event: 25.530 Thread 0x000000001e617800 1421       3       java.util.concurrent.locks.AbstractQueuedSynchronizer::release (33 bytes)
Event: 25.530 Thread 0x000000001e617800 nmethod 1421 0x0000000002fe2650 code [0x0000000002fe27c0, 0x0000000002fe2ad8]
Event: 25.530 Thread 0x000000001e617800 1422       3       java.util.concurrent.locks.AbstractQueuedSynchronizer::compareAndSetState (13 bytes)
Event: 25.530 Thread 0x000000001e617800 nmethod 1422 0x0000000002fe2bd0 code [0x0000000002fe2d20, 0x0000000002fe2e90]
Event: 25.530 Thread 0x000000001e617800 1423       3       jdk.internal.org.objectweb.asm.MethodVisitor::visitVarInsn (17 bytes)
Event: 25.530 Thread 0x000000001e617800 nmethod 1423 0x0000000002fe2f10 code [0x0000000002fe3080, 0x0000000002fe32e8]
Event: 25.530 Thread 0x000000001e617800 1424       3       java.lang.Byte::valueOf (10 bytes)
Event: 25.530 Thread 0x000000001e617800 nmethod 1424 0x0000000002fe33d0 code [0x0000000002fe3520, 0x0000000002fe3690]
Event: 25.532 Thread 0x000000001e617800 1425       3       java.lang.invoke.MemberName::<init> (131 bytes)

GC Heap History (0 events):
No events

Deoptimization events (10 events):
Event: 0.566 Thread 0x000000001e9aa800 Uncommon trap: reason=class_check action=maybe_recompile pc=0x0000000002e14fe8 method=java.io.DataInputStream.readShort()S @ 4
Event: 0.566 Thread 0x000000001e9aa800 Uncommon trap: reason=class_check action=maybe_recompile pc=0x0000000002e14fe8 method=java.io.DataInputStream.readShort()S @ 4
Event: 0.570 Thread 0x000000001e9aa800 Uncommon trap: reason=class_check action=maybe_recompile pc=0x0000000002c74e94 method=java.lang.String.equals(Ljava/lang/Object;)Z @ 8
Event: 0.570 Thread 0x000000001e9aa800 Uncommon trap: reason=class_check action=maybe_recompile pc=0x0000000002c74e94 method=java.lang.String.equals(Ljava/lang/Object;)Z @ 8
Event: 0.570 Thread 0x000000001e9aa800 Uncommon trap: reason=class_check action=maybe_recompile pc=0x0000000002c74e94 method=java.lang.String.equals(Ljava/lang/Object;)Z @ 8
Event: 0.570 Thread 0x000000001e9aa800 Uncommon trap: reason=class_check action=maybe_recompile pc=0x0000000002c74e94 method=java.lang.String.equals(Ljava/lang/Object;)Z @ 8
Event: 0.586 Thread 0x000000001e9aa800 Uncommon trap: reason=unstable_if action=reinterpret pc=0x0000000002e5f3b4 method=java.lang.CharacterDataLatin1.toUpperCase(I)I @ 12
Event: 0.597 Thread 0x000000001e9aa800 Uncommon trap: reason=bimorphic action=maybe_recompile pc=0x0000000002e23084 method=java.util.HashMap.getNode(ILjava/lang/Object;)Ljava/util/HashMap$Node; @ 126
Event: 0.652 Thread 0x000000001e9aa800 Uncommon trap: reason=unstable_if action=reinterpret pc=0x0000000002e45adc method=sun.misc.URLClassPath$JarLoader.ensureOpen()V @ 4
Event: 25.419 Thread 0x000000001e9aa800 Uncommon trap: reason=unstable_if action=reinterpret pc=0x0000000002e36578 method=jdk.internal.org.objectweb.asm.Type.getArgumentsAndReturnSizes(Ljava/lang/String;)I @ 47

Internal exceptions (10 events):
Event: 0.122 Thread 0x0000000002a50800 Exception <a 'java/security/PrivilegedActionException'> (0x000000076b652840) thrown at [C:\re\workspace\8-2-build-windows-amd64-cygwin\jdk8u45\3457\hotspot\src\share\vm\prims\jvm.cpp, line 1382]
Event: 0.123 Thread 0x0000000002a50800 Exception <a 'java/security/PrivilegedActionException'> (0x000000076b656338) thrown at [C:\re\workspace\8-2-build-windows-amd64-cygwin\jdk8u45\3457\hotspot\src\share\vm\prims\jvm.cpp, line 1382]
Event: 0.123 Thread 0x0000000002a50800 Exception <a 'java/security/PrivilegedActionException'> (0x000000076b6564f0) thrown at [C:\re\workspace\8-2-build-windows-amd64-cygwin\jdk8u45\3457\hotspot\src\share\vm\prims\jvm.cpp, line 1382]
Event: 0.123 Thread 0x0000000002a50800 Exception <a 'java/lang/NullPointerException'> (0x000000076b656be0) thrown at [C:\re\workspace\8-2-build-windows-amd64-cygwin\jdk8u45\3457\hotspot\src\share\vm\interpreter\linkResolver.cpp, line 1178]
Event: 0.263 Thread 0x000000001e9aa800 Exception <a 'java/lang/NullPointerException'> (0x000000076c21d728) thrown at [C:\re\workspace\8-2-build-windows-amd64-cygwin\jdk8u45\3457\hotspot\src\share\vm\interpreter\linkResolver.cpp, line 1178]
Event: 0.263 Thread 0x000000001e9aa800 Exception <a 'java/lang/NullPointerException'> (0x000000076c21d728) thrown at [C:\re\workspace\8-2-build-windows-amd64-cygwin\jdk8u45\3457\hotspot\src\share\vm\prims\jvm.cpp, line 1386]
Event: 0.513 Thread 0x000000001e9aa800 Implicit null exception at 0x0000000002e265b5 to 0x0000000002e268cd
Event: 0.514 Thread 0x000000001e9aa800 Implicit null exception at 0x0000000002e209af to 0x0000000002e20a19
Event: 0.652 Thread 0x000000001e9aa800 Implicit null exception at 0x0000000002e43fa2 to 0x0000000002e45ad1
Event: 25.532 Thread 0x000000001e7cf000 Exception <a 'java/lang/IllegalStateException'> (0x000000076d39a4b0) thrown at [C:\re\workspace\8-2-build-windows-amd64-cygwin\jdk8u45\3457\hotspot\src\share\vm\prims\jvm.cpp, line 1386]

Events (10 events):
Event: 25.532 loading class java/util/HashMap$KeyIterator
Event: 25.532 loading class java/util/HashMap$KeyIterator done
Event: 25.532 loading class com/sun/javafx/tk/quantum/QuantumToolkit
Event: 25.532 loading class com/sun/javafx/tk/quantum/QuantumToolkit done
Event: 25.532 loading class java/util/LinkedList$ListItr
Event: 25.532 loading class java/util/LinkedList$ListItr done
Event: 25.532 loading class com/sun/prism/ResourceFactoryListener
Event: 25.532 Thread 0x000000001e7cf000 Thread exited: 0x000000001e7cf000
Event: 25.532 loading class com/sun/prism/ResourceFactoryListener done
Event: 25.533 Executing VM operation: Exit


Dynamic libraries:
0x00007ff793c10000 - 0x00007ff793c47000 	C:\Program Files\Java\jre1.8.0_45\bin\javaw.exe
0x00007ffe1c940000 - 0x00007ffe1cb0c000 	C:\WINDOWS\SYSTEM32\ntdll.dll
0x00007ffe1c0d0000 - 0x00007ffe1c17a000 	C:\WINDOWS\system32\KERNEL32.DLL
0x00007ffe19950000 - 0x00007ffe19b67000 	C:\WINDOWS\system32\KERNELBASE.dll
0x00007ffe1a0b0000 - 0x00007ffe1a14f000 	C:\WINDOWS\system32\ADVAPI32.dll
0x00007ffe1c5f0000 - 0x00007ffe1c68e000 	C:\WINDOWS\system32\msvcrt.dll
0x00007ffe1a150000 - 0x00007ffe1a1a9000 	C:\WINDOWS\system32\sechost.dll
0x00007ffe1c460000 - 0x00007ffe1c57b000 	C:\WINDOWS\system32\RPCRT4.dll
0x00007ffe1c180000 - 0x00007ffe1c2e7000 	C:\WINDOWS\system32\USER32.dll
0x0000000058bc0000 - 0x0000000058bde000 	C:\WINDOWS\system32\win32u.dll
0x00007ffe1a3f0000 - 0x00007ffe1a421000 	C:\WINDOWS\system32\GDI32.dll
0x00007ffe19040000 - 0x00007ffe191c4000 	C:\WINDOWS\system32\gdi32full.dll
0x00007ffe0c740000 - 0x00007ffe0c9ac000 	C:\WINDOWS\WinSxS\amd64_microsoft.windows.common-controls_6595b64144ccf1df_6.0.14342.1000_none_7e069bc768929b65\COMCTL32.dll
0x00007ffe1c690000 - 0x00007ffe1c939000 	C:\WINDOWS\system32\combase.dll
0x00007ffe19d40000 - 0x00007ffe19e35000 	C:\WINDOWS\system32\ucrtbase.dll
0x00007ffe18fd0000 - 0x00007ffe19038000 	C:\WINDOWS\system32\bcryptPrimitives.dll
0x00007ffe1c020000 - 0x00007ffe1c04e000 	C:\WINDOWS\system32\IMM32.DLL
0x00000000573c0000 - 0x0000000057492000 	C:\Program Files\Java\jre1.8.0_45\bin\msvcr100.dll
0x00000000568f0000 - 0x0000000057173000 	C:\Program Files\Java\jre1.8.0_45\bin\server\jvm.dll
0x00007ffe1a0a0000 - 0x00007ffe1a0a7000 	C:\WINDOWS\system32\PSAPI.DLL
0x00007ffe10070000 - 0x00007ffe10079000 	C:\WINDOWS\SYSTEM32\WSOCK32.dll
0x00007ffe0caa0000 - 0x00007ffe0cac3000 	C:\WINDOWS\SYSTEM32\WINMM.dll
0x00007ffe17610000 - 0x00007ffe1761a000 	C:\WINDOWS\SYSTEM32\VERSION.dll
0x00007ffe1c050000 - 0x00007ffe1c0c4000 	C:\WINDOWS\system32\WS2_32.dll
0x0000000000d70000 - 0x0000000000d9b000 	C:\WINDOWS\SYSTEM32\WINMMBASE.dll
0x00007ffe19e40000 - 0x00007ffe19e82000 	C:\WINDOWS\system32\cfgmgr32.dll
0x0000000057be0000 - 0x0000000057bef000 	C:\Program Files\Java\jre1.8.0_45\bin\verify.dll
0x0000000057bb0000 - 0x0000000057bd9000 	C:\Program Files\Java\jre1.8.0_45\bin\java.dll
0x0000000057b90000 - 0x0000000057ba6000 	C:\Program Files\Java\jre1.8.0_45\bin\zip.dll
0x00007ffe1ab00000 - 0x00007ffe1bfb5000 	C:\WINDOWS\system32\SHELL32.dll
0x00007ffe191d0000 - 0x00007ffe1989e000 	C:\WINDOWS\system32\windows.storage.dll
0x00007ffe18ef0000 - 0x00007ffe18f3c000 	C:\WINDOWS\system32\powrprof.dll
0x00007ffe1bfc0000 - 0x00007ffe1c012000 	C:\WINDOWS\system32\shlwapi.dll
0x00007ffe18ee0000 - 0x00007ffe18eef000 	C:\WINDOWS\system32\kernel.appcore.dll
0x00007ffe19e90000 - 0x00007ffe19f3a000 	C:\WINDOWS\system32\shcore.dll
0x00007ffe18f40000 - 0x00007ffe18f54000 	C:\WINDOWS\system32\profapi.dll
0x0000000057390000 - 0x00000000573bc000 	C:\Program Files\Java\jre1.8.0_45\bin\prism_d3d.dll
0x00007ffe09010000 - 0x00007ffe0919c000 	C:\WINDOWS\system32\d3d9.dll
0x00007ffe16ec0000 - 0x00007ffe16ee5000 	C:\WINDOWS\SYSTEM32\dwmapi.dll
0x00007ffe17af0000 - 0x00007ffe17b85000 	C:\WINDOWS\system32\uxtheme.dll
0x00007ffde5d20000 - 0x00007ffde7f58000 	C:\WINDOWS\SYSTEM32\igdumdim64.dll
0x00007ffe1a6d0000 - 0x00007ffe1aafa000 	C:\WINDOWS\system32\SETUPAPI.dll
0x00007ffe1c2f0000 - 0x00007ffe1c3af000 	C:\WINDOWS\system32\OLEAUT32.dll
0x00007ffe19f40000 - 0x00007ffe1a07a000 	C:\WINDOWS\system32\ole32.dll
0x0000000057340000 - 0x0000000057381000 	C:\Program Files\Java\jre1.8.0_45\bin\glass.dll
0x00007ffe1a430000 - 0x00007ffe1a521000 	C:\WINDOWS\system32\COMDLG32.dll
0x00007ffe1a1b0000 - 0x00007ffe1a31d000 	C:\WINDOWS\system32\MSCTF.dll
0x00007ffe149f0000 - 0x00007ffe153f4000 	C:\WINDOWS\SYSTEM32\igdusc64.dll
0x0000000057320000 - 0x0000000057335000 	C:\Program Files\Java\jre1.8.0_45\bin\javafx_font.dll
0x00007ffdfcea0000 - 0x00007ffdfd0f5000 	C:\WINDOWS\SYSTEM32\dwrite.dll
0x00007ffe1c3b0000 - 0x00007ffe1c44f000 	C:\WINDOWS\system32\clbcatq.dll
0x00007ffe17780000 - 0x00007ffe17926000 	C:\WINDOWS\SYSTEM32\WindowsCodecs.dll
0x00007ffe0baf0000 - 0x00007ffe0bb39000 	C:\WINDOWS\system32\dataexchange.dll
0x00007ffe16920000 - 0x00007ffe16a48000 	C:\WINDOWS\system32\dcomp.dll
0x00007ffe16270000 - 0x00007ffe16518000 	C:\WINDOWS\system32\d3d11.dll
0x00007ffe16c80000 - 0x00007ffe16d1c000 	C:\WINDOWS\system32\dxgi.dll
0x00007ffe16110000 - 0x00007ffe1621a000 	C:\WINDOWS\system32\twinapi.appcore.dll
0x00007ffe18ad0000 - 0x00007ffe18afb000 	C:\WINDOWS\system32\bcrypt.dll
0x00007ffe17260000 - 0x00007ffe17293000 	C:\Program Files\Common Files\Microsoft Shared\Ink\rtscom.dll
0x0000000057300000 - 0x0000000057311000 	C:\Program Files\Java\jre1.8.0_45\bin\prism_common.dll
0x00007ffe117d0000 - 0x00007ffe11962000 	C:\WINDOWS\SYSTEM32\dbghelp.dll

VM Arguments:
jvm_args: -Dfile.encoding=Cp1252 
java_command: clientGUI.ClientGUI
java_class_path (initial): C:\Users\Bollen\Desktop\PROG\SlopeRacer-workspace\Slope-racer\bin;C:\Users\Bollen\Desktop\lib\jbox2d-jbox2d-2.2.1.1\jbox2d-library\target\classes;C:\Users\Bollen\Desktop\lib\jbox2d-jbox2d-2.2.1.1\jbox2d-library\target\test-classes;C:\Users\Bollen\.m2\repository\junit\junit\4.8.2\junit-4.8.2.jar;C:\Users\Bollen\Desktop\lib\jbox2d-jbox2d-2.2.1.1\jbox2d-serialization\target\classes;C:\Users\Bollen\Desktop\lib\jbox2d-jbox2d-2.2.1.1\jbox2d-serialization\target\test-classes;C:\Users\Bollen\Desktop\lib\jbox2d-jbox2d-2.2.1.1\jbox2d-testbed\target\classes;C:\Users\Bollen\Desktop\lib\jbox2d-jbox2d-2.2.1.1\jbox2d-testbed\target\test-classes;C:\Users\Bollen\Desktop\lib\jbox2d-jbox2d-2.2.1.1\jbox2d-testbed-jogl\target\classes;C:\Users\Bollen\Desktop\lib\jbox2d-jbox2d-2.2.1.1\jbox2d-testbed-jogl\target\test-classes
Launcher Type: SUN_STANDARD

Environment Variables:
PATH=C:/Program Files/Java/jre1.8.0_45/bin/server;C:/Program Files/Java/jre1.8.0_45/bin;C:/Program Files/Java/jre1.8.0_45/lib/amd64;C:\Windows\System32;C:\Program Files (x86)\Java\jre1.8.0_77\bin;C:\WINDOWS\system32;C:\WINDOWS;%localappdata%\Microsoft\WindowsApps;C:\WINDOWS\System32\Wbem;C:\WINDOWS\System32\WindowsPowerShell\v1.0\;C:\wamp64\bin\php\php7.0.0;%USERPROFILE%\AppData\Local\Microsoft\WindowsApps;;C:\Users\Bollen\eclipse\java-mars\eclipse;
USERNAME=Bollen
OS=Windows_NT
PROCESSOR_IDENTIFIER=Intel64 Family 6 Model 60 Stepping 3, GenuineIntel



---------------  S Y S T E M  ---------------

OS: Windows 10.0 , 64 bit Build 14342 (10.0.14342.1000)

CPU:total 8 (4 cores per cpu, 2 threads per core) family 6 model 60 stepping 3, cmov, cx8, fxsr, mmx, sse, sse2, sse3, ssse3, sse4.1, sse4.2, popcnt, avx, avx2, aes, clmul, erms, lzcnt, ht, tsc, tscinvbit, bmi1, bmi2

Memory: 4k page, physical 16687384k(11765008k free), swap 19702040k(14084336k free)

vm_info: Java HotSpot(TM) 64-Bit Server VM (25.45-b02) for windows-amd64 JRE (1.8.0_45-b14), built on Apr 10 2015 10:34:15 by "java_re" with MS VC++ 10.0 (VS2010)

time: Wed May 11 23:37:01 2016
elapsed time: 25 seconds (0d 0h 0m 25s)

