#
# A fatal error has been detected by the Java Runtime Environment:
#
#  EXCEPTION_ACCESS_VIOLATION (0xc0000005) at pc=0x0000000052ea3bba, pid=12708, tid=3160
#
# JRE version: Java(TM) SE Runtime Environment (8.0_45-b14) (build 1.8.0_45-b14)
# Java VM: Java HotSpot(TM) 64-Bit Server VM (25.45-b02 mixed mode windows-amd64 compressed oops)
# Problematic frame:
# C  [glass.dll+0x23bba]
#
# Failed to write core dump. Minidumps are not enabled by default on client versions of Windows
#
# If you would like to submit a bug report, please visit:
#   http://bugreport.java.com/bugreport/crash.jsp
#

---------------  T H R E A D  ---------------

Current thread (0x000000001c899800):  VMThread [stack: 0x000000001e580000,0x000000001e680000] [id=3160]

siginfo: ExceptionCode=0xc0000005, reading address 0x0000000000000000

Registers:
RAX=0x0000000000000000, RBX=0x000000001f76ad40, RCX=0x000000001c899800, RDX=0x000000001f76ad40
RSP=0x000000001e67f4f0, RBP=0x000000001e936ff0, RSI=0x0000000000000001, RDI=0x0000000000000000
R8 =0x0000000000010002, R9 =0x000000001e936ff0, R10=0x0000000000000000, R11=0x0000000000000246
R12=0x000000001e936fe0, R13=0x0000000000000000, R14=0x000000001e937010, R15=0x000000001e936fe0
RIP=0x0000000052ea3bba, EFLAGS=0x0000000000010206

Top of Stack: (sp=0x000000001e67f4f0)
0x000000001e67f4f0:   0000000000000000 0000000052ea3cf0
0x000000001e67f500:   0000000000000000 000000001e937008
0x000000001e67f510:   0000000052ea3ba0 0000000052ea1483
0x000000001e67f520:   0000000052eb8ca8 000000008a3f2e8a
0x000000001e67f530:   0000000001014ca0 00007ffd6066decc
0x000000001e67f540:   0000000052ea1724 0000000052ea1724
0x000000001e67f550:   00007ffd60770180 0000000052ea16cd
0x000000001e67f560:   0000000000000001 000000001c725400
0x000000001e67f570:   0000000000000000 0000000052e80000
0x000000001e67f580:   c000000500000001 000000001e67e680
0x000000001e67f590:   0000000000000000 00007ffd6063c92f
0x000000001e67f5a0:   0000000000000000 0000000000000001
0x000000001e67f5b0:   0000000052e80000 0000000000000000
0x000000001e67f5c0:   0000de01e423658e 0000000000ff5820
0x000000001e67f5d0:   00007ffd5dc59200 0000000002d31600
0x000000001e67f5e0:   0000000002d31600 0000000000ff9330 

Instructions: (pc=0x0000000052ea3bba)
0x0000000052ea3b9a:   ff ff cc cc cc cc 40 53 48 83 ec 20 48 8b 1d 93
0x0000000052ea3baa:   58 01 00 48 85 db 74 15 e8 99 96 ff ff 48 8b d3
0x0000000052ea3bba:   4c 8b 00 48 8b c8 41 ff 90 b0 00 00 00 48 83 c4
0x0000000052ea3bca:   20 5b c3 cc cc cc 40 53 48 83 ec 20 48 8b 1d 0b 


Register to memory mapping:

RAX=0x0000000000000000 is an unknown value
RBX=0x000000001f76ad40 is a global jni handle
RCX=0x000000001c899800 is an unknown value
RDX=0x000000001f76ad40 is a global jni handle
RSP=0x000000001e67f4f0 is an unknown value
RBP=0x000000001e936ff0 is an unknown value
RSI=0x0000000000000001 is an unknown value
RDI=0x0000000000000000 is an unknown value
R8 =0x0000000000010002 is an unknown value
R9 =0x000000001e936ff0 is an unknown value
R10=0x0000000000000000 is an unknown value
R11=0x0000000000000246 is an unknown value
R12=0x000000001e936fe0 is an unknown value
R13=0x0000000000000000 is an unknown value
R14=0x000000001e937010 is an unknown value
R15=0x000000001e936fe0 is an unknown value


Stack: [0x000000001e580000,0x000000001e680000],  sp=0x000000001e67f4f0,  free space=1021k
Native frames: (J=compiled Java code, j=interpreted, Vv=VM code, C=native code)
C  [glass.dll+0x23bba]
C  [glass.dll+0x21483]
C  [glass.dll+0x216cd]
C  [ntdll.dll+0x1c92f]
C  [ntdll.dll+0x3eeb]
C  [ntdll.dll+0x3d84]
C  [KERNEL32.DLL+0x1d9da]
C  [msvcr100.dll+0x20ccd]
V  [jvm.dll+0x20f135]
V  [jvm.dll+0x247ef7]
V  [jvm.dll+0x247196]
V  [jvm.dll+0x247631]
V  [jvm.dll+0x24784e]
V  [jvm.dll+0x29853a]
C  [msvcr100.dll+0x21d9f]
C  [msvcr100.dll+0x21e3b]
C  [KERNEL32.DLL+0x8c14]
C  [ntdll.dll+0x47e11]

VM_Operation (0x000000002011ad10): Exit, mode: safepoint, requested by thread 0x000000001ec77800


---------------  P R O C E S S  ---------------

Java Threads: ( => current thread )
  0x000000001f8de000 JavaThread "AWT-Shutdown" [_thread_blocked, id=13512, stack(0x0000000027ff0000,0x00000000280f0000)]
  0x000000001f8e8000 JavaThread "Prism Font Disposer" daemon [_thread_blocked, id=7396, stack(0x0000000026d30000,0x0000000026e30000)]
  0x000000001f50d800 JavaThread "Java2D Disposer" daemon [_thread_blocked, id=6972, stack(0x0000000024ab0000,0x0000000024bb0000)]
  0x000000001f530000 JavaThread "Thread-3" daemon [_thread_in_native, id=14136, stack(0x00000000246c0000,0x00000000247c0000)]
  0x000000001f521000 JavaThread "JavaFX-Launcher" [_thread_blocked, id=11500, stack(0x00000000247c0000,0x00000000248c0000)]
  0x000000001ec77800 JavaThread "JavaFX Application Thread" [_thread_blocked, id=13972, stack(0x0000000020020000,0x0000000020120000)]
  0x000000001ec74000 JavaThread "Thread-1" daemon [_thread_blocked, id=10524, stack(0x000000001ff20000,0x0000000020020000)]
  0x000000001e94a000 JavaThread "Service Thread" daemon [_thread_blocked, id=12632, stack(0x000000001f280000,0x000000001f380000)]
  0x000000001e8b4800 JavaThread "C1 CompilerThread3" daemon [_thread_blocked, id=9188, stack(0x000000001f180000,0x000000001f280000)]
  0x000000001e8b6000 JavaThread "C2 CompilerThread2" daemon [_thread_blocked, id=7288, stack(0x000000001f080000,0x000000001f180000)]
  0x000000001e8ab800 JavaThread "C2 CompilerThread1" daemon [_thread_blocked, id=6780, stack(0x000000001ef80000,0x000000001f080000)]
  0x000000001e8a7000 JavaThread "C2 CompilerThread0" daemon [_thread_blocked, id=4108, stack(0x000000001ee80000,0x000000001ef80000)]
  0x000000001e8a5800 JavaThread "Attach Listener" daemon [_thread_blocked, id=13300, stack(0x000000001ed80000,0x000000001ee80000)]
  0x000000001e8a4000 JavaThread "Signal Dispatcher" daemon [_thread_blocked, id=3324, stack(0x000000001ec80000,0x000000001ed80000)]
  0x0000000002e39000 JavaThread "Finalizer" daemon [_thread_blocked, id=14096, stack(0x000000001e780000,0x000000001e880000)]
  0x0000000002e32000 JavaThread "Reference Handler" daemon [_thread_blocked, id=5100, stack(0x000000001e680000,0x000000001e780000)]
  0x0000000002d40800 JavaThread "main" [_thread_blocked, id=12992, stack(0x0000000002b40000,0x0000000002c40000)]

Other Threads:
=>0x000000001c899800 VMThread [stack: 0x000000001e580000,0x000000001e680000] [id=3160]

VM state:at safepoint (shutting down)

VM Mutex/Monitor currently owned by a thread:  ([mutex/lock_event])
[0x0000000002d3bfe0] Threads_lock - owner thread: 0x000000001c899800

Heap:
 PSYoungGen      total 76288K, used 45332K [0x000000076b180000, 0x0000000770680000, 0x00000007c0000000)
  eden space 65536K, 69% used [0x000000076b180000,0x000000076ddc50a0,0x000000076f180000)
  from space 10752K, 0% used [0x000000076fc00000,0x000000076fc00000,0x0000000770680000)
  to   space 10752K, 0% used [0x000000076f180000,0x000000076f180000,0x000000076fc00000)
 ParOldGen       total 175104K, used 0K [0x00000006c1400000, 0x00000006cbf00000, 0x000000076b180000)
  object space 175104K, 0% used [0x00000006c1400000,0x00000006c1400000,0x00000006cbf00000)
 Metaspace       used 15137K, capacity 15808K, committed 16000K, reserved 1062912K
  class space    used 2219K, capacity 2358K, committed 2432K, reserved 1048576K

Card table byte_map: [0x0000000012200000,0x0000000012a00000] byte_map_base: 0x000000000ebf6000

Marking Bits: (ParMarkBitMap*) 0x0000000053994040
 Begin Bits: [0x0000000013750000, 0x0000000017700000)
 End Bits:   [0x0000000017700000, 0x000000001b6b0000)

Polling page: 0x0000000002b10000

CodeCache: size=245760Kb used=5306Kb max_used=5306Kb free=240453Kb
 bounds [0x0000000002e40000, 0x0000000003380000, 0x0000000011e40000]
 total_blobs=2330 nmethods=1670 adapters=572
 compilation: enabled

Compilation events (10 events):
Event: 22.245 Thread 0x000000001e8b4800 1666       3       java.util.concurrent.locks.AbstractQueuedSynchronizer::transferForSignal (45 bytes)
Event: 22.245 Thread 0x000000001e8b4800 nmethod 1666 0x000000000336dc50 code [0x000000000336dde0, 0x000000000336e2b8]
Event: 22.258 Thread 0x000000001e8b4800 1667       3       java.util.concurrent.CopyOnWriteArrayList::size (6 bytes)
Event: 22.258 Thread 0x000000001e8b4800 nmethod 1667 0x000000000336e450 code [0x000000000336e5a0, 0x000000000336e790]
Event: 22.260 Thread 0x000000001e8b4800 1668       3       javafx.event.Event::fireEvent (35 bytes)
Event: 22.260 Thread 0x000000001e8b4800 nmethod 1668 0x000000000336e850 code [0x000000000336e9e0, 0x000000000336ed28]
Event: 22.260 Thread 0x000000001e8b4800 1669   !   3       com.sun.javafx.event.EventUtil::fireEvent (81 bytes)
Event: 22.261 Thread 0x000000001e8b4800 nmethod 1669 0x000000000336ee90 code [0x000000000336f0e0, 0x000000000336ff78]
Event: 22.261 Thread 0x000000001e8b4800 1670       1       com.sun.javafx.scene.NodeEventDispatcher::getLastDispatcher (5 bytes)
Event: 22.261 Thread 0x000000001e8b4800 nmethod 1670 0x0000000003370610 code [0x0000000003370760, 0x0000000003370870]

GC Heap History (0 events):
No events

Deoptimization events (10 events):
Event: 0.575 Thread 0x000000001ec77800 Uncommon trap: reason=unstable_if action=reinterpret pc=0x000000000315d17c method=java.util.HashMap.hash(Ljava/lang/Object;)I @ 1
Event: 0.616 Thread 0x000000001ec77800 Uncommon trap: reason=class_check action=maybe_recompile pc=0x00000000031475e8 method=java.io.DataInputStream.readShort()S @ 4
Event: 0.616 Thread 0x000000001ec77800 Uncommon trap: reason=class_check action=maybe_recompile pc=0x00000000031475e8 method=java.io.DataInputStream.readShort()S @ 4
Event: 0.617 Thread 0x000000001ec77800 Uncommon trap: reason=class_check action=maybe_recompile pc=0x00000000031475e8 method=java.io.DataInputStream.readShort()S @ 4
Event: 0.617 Thread 0x000000001ec77800 Uncommon trap: reason=class_check action=maybe_recompile pc=0x00000000031475e8 method=java.io.DataInputStream.readShort()S @ 4
Event: 0.620 Thread 0x000000001ec77800 Uncommon trap: reason=class_check action=maybe_recompile pc=0x0000000002f66654 method=java.lang.String.equals(Ljava/lang/Object;)Z @ 8
Event: 0.621 Thread 0x000000001ec77800 Uncommon trap: reason=class_check action=maybe_recompile pc=0x0000000002f66654 method=java.lang.String.equals(Ljava/lang/Object;)Z @ 8
Event: 0.621 Thread 0x000000001ec77800 Uncommon trap: reason=class_check action=maybe_recompile pc=0x0000000002f66654 method=java.lang.String.equals(Ljava/lang/Object;)Z @ 8
Event: 0.621 Thread 0x000000001ec77800 Uncommon trap: reason=class_check action=maybe_recompile pc=0x0000000002f66654 method=java.lang.String.equals(Ljava/lang/Object;)Z @ 8
Event: 0.717 Thread 0x000000001ec77800 Uncommon trap: reason=unstable_if action=reinterpret pc=0x00000000030e52f8 method=jdk.internal.org.objectweb.asm.Type.getArgumentsAndReturnSizes(Ljava/lang/String;)I @ 47

Internal exceptions (10 events):
Event: 0.111 Thread 0x0000000002d40800 Exception <a 'java/security/PrivilegedActionException'> (0x000000076b6526b0) thrown at [C:\re\workspace\8-2-build-windows-amd64-cygwin\jdk8u45\3457\hotspot\src\share\vm\prims\jvm.cpp, line 1382]
Event: 0.111 Thread 0x0000000002d40800 Exception <a 'java/security/PrivilegedActionException'> (0x000000076b6561a8) thrown at [C:\re\workspace\8-2-build-windows-amd64-cygwin\jdk8u45\3457\hotspot\src\share\vm\prims\jvm.cpp, line 1382]
Event: 0.111 Thread 0x0000000002d40800 Exception <a 'java/security/PrivilegedActionException'> (0x000000076b656360) thrown at [C:\re\workspace\8-2-build-windows-amd64-cygwin\jdk8u45\3457\hotspot\src\share\vm\prims\jvm.cpp, line 1382]
Event: 0.112 Thread 0x0000000002d40800 Exception <a 'java/lang/NullPointerException'> (0x000000076b656a50) thrown at [C:\re\workspace\8-2-build-windows-amd64-cygwin\jdk8u45\3457\hotspot\src\share\vm\interpreter\linkResolver.cpp, line 1178]
Event: 0.225 Thread 0x000000001ec77800 Exception <a 'java/io/FileNotFoundException'> (0x000000076bb4a210) thrown at [C:\re\workspace\8-2-build-windows-amd64-cygwin\jdk8u45\3457\hotspot\src\share\vm\prims\jni.cpp, line 709]
Event: 0.281 Thread 0x000000001ec77800 Exception <a 'java/lang/NullPointerException'> (0x000000076c382320) thrown at [C:\re\workspace\8-2-build-windows-amd64-cygwin\jdk8u45\3457\hotspot\src\share\vm\interpreter\linkResolver.cpp, line 1178]
Event: 0.281 Thread 0x000000001ec77800 Exception <a 'java/lang/NullPointerException'> (0x000000076c382320) thrown at [C:\re\workspace\8-2-build-windows-amd64-cygwin\jdk8u45\3457\hotspot\src\share\vm\prims\jvm.cpp, line 1386]
Event: 0.567 Thread 0x000000001ec77800 Implicit null exception at 0x00000000031556ef to 0x0000000003155759
Event: 0.575 Thread 0x000000001ec77800 Implicit null exception at 0x000000000315cdb5 to 0x000000000315d16d
Event: 22.268 Thread 0x000000001f733000 Exception <a 'java/lang/IllegalStateException'> (0x000000076dc831d8) thrown at [C:\re\workspace\8-2-build-windows-amd64-cygwin\jdk8u45\3457\hotspot\src\share\vm\prims\jvm.cpp, line 1386]

Events (10 events):
Event: 22.268 loading class com/sun/javafx/tk/quantum/QuantumRenderer done
Event: 22.268 loading class com/sun/javafx/tk/quantum/QuantumToolkit
Event: 22.268 loading class com/sun/javafx/tk/quantum/QuantumToolkit done
Event: 22.268 loading class java/util/LinkedList$ListItr
Event: 22.268 loading class java/util/LinkedList$ListItr done
Event: 22.268 Thread 0x000000001f733000 Thread exited: 0x000000001f733000
Event: 22.270 Thread 0x000000001f511800 Thread exited: 0x000000001f511800
Event: 22.273 Thread 0x000000001ec0b000 Thread exited: 0x000000001ec0b000
Event: 22.368 Thread 0x000000001f732800 Thread exited: 0x000000001f732800
Event: 22.368 Executing VM operation: Exit


Dynamic libraries:
0x00007ff610010000 - 0x00007ff610047000 	C:\Program Files\Java\jre1.8.0_45\bin\javaw.exe
0x00007ffd60620000 - 0x00007ffd607ed000 	C:\WINDOWS\SYSTEM32\ntdll.dll
0x00007ffd602a0000 - 0x00007ffd6034c000 	C:\WINDOWS\system32\KERNEL32.DLL
0x00007ffd5d0b0000 - 0x00007ffd5d2c4000 	C:\WINDOWS\system32\KERNELBASE.dll
0x00007ffd5fde0000 - 0x00007ffd5fe82000 	C:\WINDOWS\system32\ADVAPI32.dll
0x00007ffd60060000 - 0x00007ffd600fe000 	C:\WINDOWS\system32\msvcrt.dll
0x00007ffd5f270000 - 0x00007ffd5f2ca000 	C:\WINDOWS\system32\sechost.dll
0x00007ffd5f990000 - 0x00007ffd5fab1000 	C:\WINDOWS\system32\RPCRT4.dll
0x00007ffd5fe90000 - 0x00007ffd5fff7000 	C:\WINDOWS\system32\USER32.dll
0x0000000055480000 - 0x000000005549e000 	C:\WINDOWS\system32\win32u.dll
0x00007ffd5f7e0000 - 0x00007ffd5f811000 	C:\WINDOWS\system32\GDI32.dll
0x00007ffd5cc30000 - 0x00007ffd5cdb4000 	C:\WINDOWS\system32\gdi32full.dll
0x00007ffd56c40000 - 0x00007ffd56eaa000 	C:\WINDOWS\WinSxS\amd64_microsoft.windows.common-controls_6595b64144ccf1df_6.0.14332.1001_none_7e2a8ddb6841a117\COMCTL32.dll
0x00007ffd5fb30000 - 0x00007ffd5fdde000 	C:\WINDOWS\system32\combase.dll
0x00007ffd5db00000 - 0x00007ffd5dbf5000 	C:\WINDOWS\system32\ucrtbase.dll
0x00007ffd5ce70000 - 0x00007ffd5ced9000 	C:\WINDOWS\system32\bcryptPrimitives.dll
0x00007ffd5f820000 - 0x00007ffd5f84e000 	C:\WINDOWS\system32\IMM32.DLL
0x0000000052f00000 - 0x0000000052fd2000 	C:\Program Files\Java\jre1.8.0_45\bin\msvcr100.dll
0x0000000053190000 - 0x0000000053a13000 	C:\Program Files\Java\jre1.8.0_45\bin\server\jvm.dll
0x00007ffd5dc00000 - 0x00007ffd5dc07000 	C:\WINDOWS\system32\PSAPI.DLL
0x00007ffd5a770000 - 0x00007ffd5a793000 	C:\WINDOWS\SYSTEM32\WINMM.dll
0x00007ffd59480000 - 0x00007ffd59489000 	C:\WINDOWS\SYSTEM32\WSOCK32.dll
0x00007ffd574a0000 - 0x00007ffd574aa000 	C:\WINDOWS\SYSTEM32\VERSION.dll
0x00007ffd5fac0000 - 0x00007ffd5fb2c000 	C:\WINDOWS\system32\WS2_32.dll
0x00007ffd5a6d0000 - 0x00007ffd5a6fc000 	C:\WINDOWS\SYSTEM32\WINMMBASE.dll
0x00007ffd5dab0000 - 0x00007ffd5daf2000 	C:\WINDOWS\system32\cfgmgr32.dll
0x00000000530a0000 - 0x00000000530af000 	C:\Program Files\Java\jre1.8.0_45\bin\verify.dll
0x0000000053070000 - 0x0000000053099000 	C:\Program Files\Java\jre1.8.0_45\bin\java.dll
0x0000000053050000 - 0x0000000053066000 	C:\Program Files\Java\jre1.8.0_45\bin\zip.dll
0x00007ffd5dd80000 - 0x00007ffd5f245000 	C:\WINDOWS\system32\SHELL32.dll
0x00007ffd5d2d0000 - 0x00007ffd5d991000 	C:\WINDOWS\system32\windows.storage.dll
0x00007ffd5cbd0000 - 0x00007ffd5cc1c000 	C:\WINDOWS\system32\powrprof.dll
0x00007ffd5f350000 - 0x00007ffd5f3a1000 	C:\WINDOWS\system32\shlwapi.dll
0x00007ffd5cbc0000 - 0x00007ffd5cbcf000 	C:\WINDOWS\system32\kernel.appcore.dll
0x00007ffd5da00000 - 0x00007ffd5daa7000 	C:\WINDOWS\system32\shcore.dll
0x00007ffd5cba0000 - 0x00007ffd5cbb4000 	C:\WINDOWS\system32\profapi.dll
0x0000000052ed0000 - 0x0000000052efc000 	C:\Program Files\Java\jre1.8.0_45\bin\prism_d3d.dll
0x00007ffd59770000 - 0x00007ffd598fc000 	C:\WINDOWS\system32\d3d9.dll
0x00007ffd586b0000 - 0x00007ffd586d7000 	C:\WINDOWS\SYSTEM32\dwmapi.dll
0x00007ffd5b460000 - 0x00007ffd5b4f5000 	C:\WINDOWS\system32\uxtheme.dll
0x00007ffd603f0000 - 0x00007ffd604ae000 	C:\WINDOWS\system32\OLEAUT32.dll
0x00007ffd5f850000 - 0x00007ffd5f98b000 	C:\WINDOWS\system32\ole32.dll
0x0000000052e80000 - 0x0000000052ec1000 	C:\Program Files\Java\jre1.8.0_45\bin\glass.dll
0x00007ffd60520000 - 0x00007ffd60611000 	C:\WINDOWS\system32\COMDLG32.dll
0x00007ffd5dc10000 - 0x00007ffd5dd7b000 	C:\WINDOWS\system32\MSCTF.dll
0x0000000052ce0000 - 0x0000000052e78000 	C:\Program Files\Java\jre1.8.0_45\bin\awt.dll
0x00007ffd5b240000 - 0x00007ffd5b2ba000 	C:\WINDOWS\SYSTEM32\apphelp.dll
0x0000000052cc0000 - 0x0000000052cd5000 	C:\Program Files\Java\jre1.8.0_45\bin\javafx_font.dll
0x00007ffd4e8a0000 - 0x00007ffd4eaf5000 	C:\WINDOWS\SYSTEM32\dwrite.dll
0x00007ffd60350000 - 0x00007ffd603f0000 	C:\WINDOWS\system32\clbcatq.dll
0x00007ffd58440000 - 0x00007ffd585e0000 	C:\WINDOWS\SYSTEM32\WindowsCodecs.dll
0x00007ffd42800000 - 0x00007ffd42849000 	C:\WINDOWS\system32\dataexchange.dll
0x00007ffd58fd0000 - 0x00007ffd5924c000 	C:\WINDOWS\system32\d3d11.dll
0x00007ffd5ac50000 - 0x00007ffd5ad78000 	C:\WINDOWS\system32\dcomp.dll
0x00007ffd5abb0000 - 0x00007ffd5ac4d000 	C:\WINDOWS\system32\dxgi.dll
0x00007ffd5b7d0000 - 0x00007ffd5b8e1000 	C:\WINDOWS\system32\twinapi.appcore.dll
0x00007ffd5cae0000 - 0x00007ffd5cb0a000 	C:\WINDOWS\system32\bcrypt.dll
0x00007ffd51f80000 - 0x00007ffd51fb3000 	C:\Program Files\Common Files\Microsoft Shared\Ink\rtscom.dll
0x0000000052ca0000 - 0x0000000052cb1000 	C:\Program Files\Java\jre1.8.0_45\bin\prism_common.dll
0x00007ffd50d80000 - 0x00007ffd512b0000 	C:\WINDOWS\SYSTEM32\d2d1.dll
0x00007ffd5cee0000 - 0x00007ffd5d0a8000 	C:\WINDOWS\system32\CRYPT32.dll
0x00007ffd5cc20000 - 0x00007ffd5cc30000 	C:\WINDOWS\system32\MSASN1.dll
0x00007ffd38d90000 - 0x00007ffd3901d000 	C:\WINDOWS\SYSTEM32\D3D10Warp.dll
0x00007ffd432e0000 - 0x00007ffd43471000 	C:\WINDOWS\SYSTEM32\dbghelp.dll

VM Arguments:
jvm_args: -Dfile.encoding=Cp1252 
java_command: clientGUI.ClientGUI
java_class_path (initial): C:\Users\Bollen\Desktop\PROG\SlopeRacer-workspace\Slope-racer\bin;C:\Users\Bollen\Desktop\lib\jbox2d-jbox2d-2.2.1.1\jbox2d-library\target\classes;C:\Users\Bollen\Desktop\lib\jbox2d-jbox2d-2.2.1.1\jbox2d-library\target\test-classes;C:\Users\Bollen\.m2\repository\junit\junit\4.8.2\junit-4.8.2.jar;C:\Users\Bollen\Desktop\lib\jbox2d-jbox2d-2.2.1.1\jbox2d-serialization\target\classes;C:\Users\Bollen\Desktop\lib\jbox2d-jbox2d-2.2.1.1\jbox2d-serialization\target\test-classes;C:\Users\Bollen\Desktop\lib\jbox2d-jbox2d-2.2.1.1\jbox2d-testbed\target\classes;C:\Users\Bollen\Desktop\lib\jbox2d-jbox2d-2.2.1.1\jbox2d-testbed\target\test-classes;C:\Users\Bollen\Desktop\lib\jbox2d-jbox2d-2.2.1.1\jbox2d-testbed-jogl\target\classes;C:\Users\Bollen\Desktop\lib\jbox2d-jbox2d-2.2.1.1\jbox2d-testbed-jogl\target\test-classes
Launcher Type: SUN_STANDARD

Environment Variables:
PATH=C:/Program Files/Java/jre1.8.0_45/bin/server;C:/Program Files/Java/jre1.8.0_45/bin;C:/Program Files/Java/jre1.8.0_45/lib/amd64;C:\Windows\System32;C:\Program Files (x86)\Java\jre1.8.0_77\bin;C:\WINDOWS\system32;C:\WINDOWS;%localappdata%\Microsoft\WindowsApps;C:\WINDOWS\System32\Wbem;C:\WINDOWS\System32\WindowsPowerShell\v1.0\;C:\wamp64\bin\php\php7.0.0;%USERPROFILE%\AppData\Local\Microsoft\WindowsApps;;C:\Users\Bollen\eclipse\java-mars\eclipse;
USERNAME=Bollen
OS=Windows_NT
PROCESSOR_IDENTIFIER=Intel64 Family 6 Model 60 Stepping 3, GenuineIntel



---------------  S Y S T E M  ---------------

OS: Windows 10.0 , 64 bit Build 14332 (10.0.14332.1001)

CPU:total 8 (4 cores per cpu, 2 threads per core) family 6 model 60 stepping 3, cmov, cx8, fxsr, mmx, sse, sse2, sse3, ssse3, sse4.1, sse4.2, popcnt, avx, avx2, aes, clmul, erms, lzcnt, ht, tsc, tscinvbit, bmi1, bmi2

Memory: 4k page, physical 16687384k(10946688k free), swap 19177752k(11703664k free)

vm_info: Java HotSpot(TM) 64-Bit Server VM (25.45-b02) for windows-amd64 JRE (1.8.0_45-b14), built on Apr 10 2015 10:34:15 by "java_re" with MS VC++ 10.0 (VS2010)

time: Wed May 11 20:14:27 2016
elapsed time: 22 seconds (0d 0h 0m 22s)

